Command line:
   ConvertBCDToLCDNUM_isim_beh.exe
     -simmode  gui
     -simrunnum  0
     -socket  35949

Mon Dec 10 23:43:51 2018


 Elaboration Time: 0.03 sec

 Current Memory Usage: 202.502 Meg

 Total Signals          : 4
 Total Nets             : 112
 Total Signal Drivers   : 3
 Total Blocks           : 3
 Total Primitive Blocks : 3
 Total Processes        : 1
 Total Traceable Variables  : 13
 Total Scalar Nets and Variables : 595
Total Line Count : 104

 Total Simulation Time: 0.07 sec

 Current Memory Usage: 278.004 Meg

Mon Dec 10 23:48:46 2018

