Command line:
   Multiplicador_isim_beh.exe
     -simmode  gui
     -simrunnum  0
     -socket  34627

Thu Nov 29 21:11:43 2018


 Elaboration Time: 0.03 sec

 Current Memory Usage: 202.498 Meg

 Total Signals          : 6
 Total Nets             : 36
 Total Signal Drivers   : 3
 Total Blocks           : 3
 Total Primitive Blocks : 3
 Total Processes        : 3
 Total Traceable Variables  : 13
 Total Scalar Nets and Variables : 519
Total Line Count : 11

 Total Simulation Time: 0.05 sec

 Current Memory Usage: 278 Meg

Thu Nov 29 21:12:02 2018

