--------------------------------------------------------------------------------
Release 14.7 Trace  (lin64)
Copyright (c) 1995-2013 Xilinx, Inc.  All rights reserved.

/opt/Xilinx/14.7/ISE_DS/ISE/bin/lin64/unwrapped/trce -intstyle ise -v 3 -s 4 -n
3 -fastpaths -xml ConvertBCDToLCDNUM.twx ConvertBCDToLCDNUM.ncd -o
ConvertBCDToLCDNUM.twr ConvertBCDToLCDNUM.pcf

Design file:              ConvertBCDToLCDNUM.ncd
Physical constraint file: ConvertBCDToLCDNUM.pcf
Device,package,speed:     xc3s700an,fgg484,-4 (PRODUCTION 1.42 2013-10-13)
Report level:             verbose report

Environment Variable      Effect 
--------------------      ------ 
NONE                      No environment variables were set
--------------------------------------------------------------------------------

INFO:Timing:2698 - No timing constraints found, doing default enumeration.
INFO:Timing:3412 - To improve timing, see the Timing Closure User Guide (UG612).
INFO:Timing:2752 - To get complete path coverage, use the unconstrained paths 
   option. All paths that are not constrained will be reported in the 
   unconstrained paths section(s) of the report.
INFO:Timing:3339 - The clock-to-out numbers in this timing report are based on 
   a 50 Ohm transmission line loading model.  For the details of this model, 
   and for more information on accounting for different loading conditions, 
   please see the device datasheet.
INFO:Timing:3390 - This architecture does not support a default System Jitter 
   value, please add SYSTEM_JITTER constraint to the UCF to modify the Clock 
   Uncertainty calculation.
INFO:Timing:3389 - This architecture does not support 'Discrete Jitter' and 
   'Phase Error' calculations, these terms will be zero in the Clock 
   Uncertainty calculation.  Please make appropriate modification to 
   SYSTEM_JITTER to account for the unsupported Discrete Jitter and Phase 
   Error.



Data Sheet report:
-----------------
All values displayed in nanoseconds (ns)

Clock numEntrada<28> to Pad
------------+------------+------------------+--------+
            | clk (edge) |                  | Clock  |
Destination |   to PAD   |Internal Clock(s) | Phase  |
------------+------------+------------------+--------+
numSaida<0> |   14.885(F)|entradaAux_not0001|   0.000|
numSaida<1> |   14.974(F)|entradaAux_not0001|   0.000|
numSaida<2> |   14.987(F)|entradaAux_not0001|   0.000|
numSaida<3> |   14.899(F)|entradaAux_not0001|   0.000|
numSaida<4> |   14.974(F)|entradaAux_not0001|   0.000|
numSaida<5> |   14.906(F)|entradaAux_not0001|   0.000|
numSaida<6> |   14.899(F)|entradaAux_not0001|   0.000|
------------+------------+------------------+--------+

Clock numEntrada<29> to Pad
------------+------------+------------------+--------+
            | clk (edge) |                  | Clock  |
Destination |   to PAD   |Internal Clock(s) | Phase  |
------------+------------+------------------+--------+
numSaida<0> |   21.977(F)|entradaAux_not0001|   0.000|
numSaida<1> |   22.066(F)|entradaAux_not0001|   0.000|
numSaida<2> |   22.079(F)|entradaAux_not0001|   0.000|
numSaida<3> |   21.991(F)|entradaAux_not0001|   0.000|
numSaida<4> |   22.066(F)|entradaAux_not0001|   0.000|
numSaida<5> |   21.998(F)|entradaAux_not0001|   0.000|
numSaida<6> |   21.991(F)|entradaAux_not0001|   0.000|
------------+------------+------------------+--------+

Clock numEntrada<30> to Pad
------------+------------+------------------+--------+
            | clk (edge) |                  | Clock  |
Destination |   to PAD   |Internal Clock(s) | Phase  |
------------+------------+------------------+--------+
numSaida<0> |   21.791(F)|entradaAux_not0001|   0.000|
numSaida<1> |   21.880(F)|entradaAux_not0001|   0.000|
numSaida<2> |   21.893(F)|entradaAux_not0001|   0.000|
numSaida<3> |   21.805(F)|entradaAux_not0001|   0.000|
numSaida<4> |   21.880(F)|entradaAux_not0001|   0.000|
numSaida<5> |   21.812(F)|entradaAux_not0001|   0.000|
numSaida<6> |   21.805(F)|entradaAux_not0001|   0.000|
------------+------------+------------------+--------+

Clock numEntrada<31> to Pad
------------+------------+------------------+--------+
            | clk (edge) |                  | Clock  |
Destination |   to PAD   |Internal Clock(s) | Phase  |
------------+------------+------------------+--------+
numSaida<0> |   16.351(F)|entradaAux_not0001|   0.000|
numSaida<1> |   16.440(F)|entradaAux_not0001|   0.000|
numSaida<2> |   16.453(F)|entradaAux_not0001|   0.000|
numSaida<3> |   16.365(F)|entradaAux_not0001|   0.000|
numSaida<4> |   16.440(F)|entradaAux_not0001|   0.000|
numSaida<5> |   16.372(F)|entradaAux_not0001|   0.000|
numSaida<6> |   16.365(F)|entradaAux_not0001|   0.000|
------------+------------+------------------+--------+

Clock to Setup on destination clock numEntrada<28>
---------------+---------+---------+---------+---------+
               | Src:Rise| Src:Fall| Src:Rise| Src:Fall|
Source Clock   |Dest:Rise|Dest:Rise|Dest:Fall|Dest:Fall|
---------------+---------+---------+---------+---------+
numEntrada<28> |         |         |    4.865|    4.865|
numEntrada<29> |         |         |   11.957|   11.957|
numEntrada<30> |         |         |   11.771|   11.771|
numEntrada<31> |         |         |    6.331|    6.331|
---------------+---------+---------+---------+---------+

Clock to Setup on destination clock numEntrada<29>
---------------+---------+---------+---------+---------+
               | Src:Rise| Src:Fall| Src:Rise| Src:Fall|
Source Clock   |Dest:Rise|Dest:Rise|Dest:Fall|Dest:Fall|
---------------+---------+---------+---------+---------+
numEntrada<28> |         |         |    5.759|    5.759|
numEntrada<29> |         |         |   12.851|   12.851|
numEntrada<30> |         |         |   12.665|   12.665|
numEntrada<31> |         |         |    7.225|    7.225|
---------------+---------+---------+---------+---------+

Clock to Setup on destination clock numEntrada<30>
---------------+---------+---------+---------+---------+
               | Src:Rise| Src:Fall| Src:Rise| Src:Fall|
Source Clock   |Dest:Rise|Dest:Rise|Dest:Fall|Dest:Fall|
---------------+---------+---------+---------+---------+
numEntrada<28> |         |         |    7.795|    7.795|
numEntrada<29> |         |         |   14.887|   14.887|
numEntrada<30> |         |         |   14.701|   14.701|
numEntrada<31> |         |         |    9.261|    9.261|
---------------+---------+---------+---------+---------+

Clock to Setup on destination clock numEntrada<31>
---------------+---------+---------+---------+---------+
               | Src:Rise| Src:Fall| Src:Rise| Src:Fall|
Source Clock   |Dest:Rise|Dest:Rise|Dest:Fall|Dest:Fall|
---------------+---------+---------+---------+---------+
numEntrada<28> |         |         |    7.917|    7.917|
numEntrada<29> |         |         |   15.009|   15.009|
numEntrada<30> |         |         |   14.823|   14.823|
numEntrada<31> |         |         |    9.383|    9.383|
---------------+---------+---------+---------+---------+

Pad to Pad
---------------+---------------+---------+
Source Pad     |Destination Pad|  Delay  |
---------------+---------------+---------+
numEntrada<28> |numSaida<8>    |    8.427|
numEntrada<28> |numSaida<11>   |   14.638|
numEntrada<28> |numSaida<12>   |   10.726|
numEntrada<28> |numSaida<13>   |    9.522|
numEntrada<28> |numSaida<14>   |   17.676|
numEntrada<28> |numSaida<16>   |    8.968|
numEntrada<28> |numSaida<19>   |   15.244|
numEntrada<28> |numSaida<20>   |   10.668|
numEntrada<28> |numSaida<21>   |   10.269|
numEntrada<28> |numSaida<22>   |   17.407|
numEntrada<28> |numSaida<24>   |    8.725|
numEntrada<28> |numSaida<27>   |   14.694|
numEntrada<28> |numSaida<28>   |   10.173|
numEntrada<28> |numSaida<29>   |   10.273|
numEntrada<28> |numSaida<30>   |   17.399|
numEntrada<28> |numSaida<32>   |    8.838|
numEntrada<28> |numSaida<35>   |   15.285|
numEntrada<28> |numSaida<36>   |   11.208|
numEntrada<28> |numSaida<37>   |    9.852|
numEntrada<28> |numSaida<38>   |   17.676|
numEntrada<28> |numSaida<40>   |    9.107|
numEntrada<28> |numSaida<43>   |   14.975|
numEntrada<28> |numSaida<44>   |   11.601|
numEntrada<28> |numSaida<45>   |    9.770|
numEntrada<28> |numSaida<46>   |   17.397|
numEntrada<28> |numSaida<48>   |    8.191|
numEntrada<28> |numSaida<51>   |   15.285|
numEntrada<28> |numSaida<52>   |   11.328|
numEntrada<28> |numSaida<53>   |   10.542|
numEntrada<28> |numSaida<54>   |   17.130|
numEntrada<28> |numSaida<56>   |    8.697|
numEntrada<28> |numSaida<59>   |   15.275|
numEntrada<28> |numSaida<60>   |   11.332|
numEntrada<28> |numSaida<61>   |    9.244|
numEntrada<28> |numSaida<62>   |   16.717|
numEntrada<29> |numSaida<8>    |   13.350|
numEntrada<29> |numSaida<9>    |    8.818|
numEntrada<29> |numSaida<10>   |   12.103|
numEntrada<29> |numSaida<11>   |   19.561|
numEntrada<29> |numSaida<12>   |   15.649|
numEntrada<29> |numSaida<13>   |   14.445|
numEntrada<29> |numSaida<14>   |   22.599|
numEntrada<29> |numSaida<16>   |   13.891|
numEntrada<29> |numSaida<17>   |    8.279|
numEntrada<29> |numSaida<18>   |   11.723|
numEntrada<29> |numSaida<19>   |   20.167|
numEntrada<29> |numSaida<20>   |   15.591|
numEntrada<29> |numSaida<21>   |   15.192|
numEntrada<29> |numSaida<22>   |   22.330|
numEntrada<29> |numSaida<24>   |   13.648|
numEntrada<29> |numSaida<25>   |    9.105|
numEntrada<29> |numSaida<26>   |   12.140|
numEntrada<29> |numSaida<27>   |   19.617|
numEntrada<29> |numSaida<28>   |   15.096|
numEntrada<29> |numSaida<29>   |   15.196|
numEntrada<29> |numSaida<30>   |   22.322|
numEntrada<29> |numSaida<32>   |   13.761|
numEntrada<29> |numSaida<33>   |   11.242|
numEntrada<29> |numSaida<34>   |   11.849|
numEntrada<29> |numSaida<35>   |   20.208|
numEntrada<29> |numSaida<36>   |   16.131|
numEntrada<29> |numSaida<37>   |   14.775|
numEntrada<29> |numSaida<38>   |   22.599|
numEntrada<29> |numSaida<40>   |   14.030|
numEntrada<29> |numSaida<41>   |   10.708|
numEntrada<29> |numSaida<42>   |   12.380|
numEntrada<29> |numSaida<43>   |   19.898|
numEntrada<29> |numSaida<44>   |   16.524|
numEntrada<29> |numSaida<45>   |   14.693|
numEntrada<29> |numSaida<46>   |   22.320|
numEntrada<29> |numSaida<48>   |   13.114|
numEntrada<29> |numSaida<49>   |   10.708|
numEntrada<29> |numSaida<50>   |   12.111|
numEntrada<29> |numSaida<51>   |   20.208|
numEntrada<29> |numSaida<52>   |   16.251|
numEntrada<29> |numSaida<53>   |   15.465|
numEntrada<29> |numSaida<54>   |   22.053|
numEntrada<29> |numSaida<56>   |   13.620|
numEntrada<29> |numSaida<57>   |    9.087|
numEntrada<29> |numSaida<58>   |   12.380|
numEntrada<29> |numSaida<59>   |   20.198|
numEntrada<29> |numSaida<60>   |   16.255|
numEntrada<29> |numSaida<61>   |   14.167|
numEntrada<29> |numSaida<62>   |   21.640|
numEntrada<30> |numSaida<8>    |   13.164|
numEntrada<30> |numSaida<9>    |    8.632|
numEntrada<30> |numSaida<10>   |   11.917|
numEntrada<30> |numSaida<11>   |   19.375|
numEntrada<30> |numSaida<12>   |   15.463|
numEntrada<30> |numSaida<13>   |   14.259|
numEntrada<30> |numSaida<14>   |   22.413|
numEntrada<30> |numSaida<16>   |   13.705|
numEntrada<30> |numSaida<17>   |    8.093|
numEntrada<30> |numSaida<18>   |   11.537|
numEntrada<30> |numSaida<19>   |   19.981|
numEntrada<30> |numSaida<20>   |   15.405|
numEntrada<30> |numSaida<21>   |   15.006|
numEntrada<30> |numSaida<22>   |   22.144|
numEntrada<30> |numSaida<24>   |   13.462|
numEntrada<30> |numSaida<25>   |    8.919|
numEntrada<30> |numSaida<26>   |   11.954|
numEntrada<30> |numSaida<27>   |   19.431|
numEntrada<30> |numSaida<28>   |   14.910|
numEntrada<30> |numSaida<29>   |   15.010|
numEntrada<30> |numSaida<30>   |   22.136|
numEntrada<30> |numSaida<32>   |   13.575|
numEntrada<30> |numSaida<33>   |   11.056|
numEntrada<30> |numSaida<34>   |   11.663|
numEntrada<30> |numSaida<35>   |   20.022|
numEntrada<30> |numSaida<36>   |   15.945|
numEntrada<30> |numSaida<37>   |   14.589|
numEntrada<30> |numSaida<38>   |   22.413|
numEntrada<30> |numSaida<40>   |   13.844|
numEntrada<30> |numSaida<41>   |   10.522|
numEntrada<30> |numSaida<42>   |   12.194|
numEntrada<30> |numSaida<43>   |   19.712|
numEntrada<30> |numSaida<44>   |   16.338|
numEntrada<30> |numSaida<45>   |   14.507|
numEntrada<30> |numSaida<46>   |   22.134|
numEntrada<30> |numSaida<48>   |   12.928|
numEntrada<30> |numSaida<49>   |   10.522|
numEntrada<30> |numSaida<50>   |   11.925|
numEntrada<30> |numSaida<51>   |   20.022|
numEntrada<30> |numSaida<52>   |   16.065|
numEntrada<30> |numSaida<53>   |   15.279|
numEntrada<30> |numSaida<54>   |   21.867|
numEntrada<30> |numSaida<56>   |   13.434|
numEntrada<30> |numSaida<57>   |    8.901|
numEntrada<30> |numSaida<58>   |   12.194|
numEntrada<30> |numSaida<59>   |   20.012|
numEntrada<30> |numSaida<60>   |   16.069|
numEntrada<30> |numSaida<61>   |   13.981|
numEntrada<30> |numSaida<62>   |   21.454|
numEntrada<31> |numSaida<11>   |    7.454|
numEntrada<31> |numSaida<14>   |   10.492|
numEntrada<31> |numSaida<19>   |    8.060|
numEntrada<31> |numSaida<22>   |   10.223|
numEntrada<31> |numSaida<27>   |    7.510|
numEntrada<31> |numSaida<30>   |   10.215|
numEntrada<31> |numSaida<35>   |    8.101|
numEntrada<31> |numSaida<38>   |   10.492|
numEntrada<31> |numSaida<43>   |    7.791|
numEntrada<31> |numSaida<46>   |   10.213|
numEntrada<31> |numSaida<51>   |    8.101|
numEntrada<31> |numSaida<54>   |    9.946|
numEntrada<31> |numSaida<59>   |    8.091|
numEntrada<31> |numSaida<62>   |    9.533|
---------------+---------------+---------+


Analysis completed Thu Dec 13 12:19:46 2018 
--------------------------------------------------------------------------------

Trace Settings:
-------------------------
Trace Settings 

Peak Memory Usage: 366 MB



