Release 14.7 - xst P.20131013 (lin64)
Copyright (c) 1995-2013 Xilinx, Inc.  All rights reserved.
--> 
Parameter TMPDIR set to xst/projnav.tmp


Total REAL time to Xst completion: 0.00 secs
Total CPU time to Xst completion: 0.04 secs
 
--> 
Parameter xsthdpdir set to xst


Total REAL time to Xst completion: 0.00 secs
Total CPU time to Xst completion: 0.04 secs
 
--> 
Reading design: Multiplicador.prj

TABLE OF CONTENTS
  1) Synthesis Options Summary
  2) HDL Compilation
  3) Design Hierarchy Analysis
  4) HDL Analysis
  5) HDL Synthesis
     5.1) HDL Synthesis Report
  6) Advanced HDL Synthesis
     6.1) Advanced HDL Synthesis Report
  7) Low Level Synthesis
  8) Partition Report
  9) Final Report
	9.1) Device utilization summary
	9.2) Partition Resource Summary
	9.3) TIMING REPORT


=========================================================================
*                      Synthesis Options Summary                        *
=========================================================================
---- Source Parameters
Input File Name                    : "Multiplicador.prj"
Input Format                       : mixed
Ignore Synthesis Constraint File   : NO

---- Target Parameters
Output File Name                   : "Multiplicador"
Output Format                      : NGC
Target Device                      : xc3s700an-4-fgg484

---- Source Options
Top Module Name                    : Multiplicador
Automatic FSM Extraction           : YES
FSM Encoding Algorithm             : Auto
Safe Implementation                : No
FSM Style                          : LUT
RAM Extraction                     : Yes
RAM Style                          : Auto
ROM Extraction                     : Yes
Mux Style                          : Auto
Decoder Extraction                 : YES
Priority Encoder Extraction        : Yes
Shift Register Extraction          : YES
Logical Shifter Extraction         : YES
XOR Collapsing                     : YES
ROM Style                          : Auto
Mux Extraction                     : Yes
Resource Sharing                   : YES
Asynchronous To Synchronous        : NO
Multiplier Style                   : Auto
Automatic Register Balancing       : No

---- Target Options
Add IO Buffers                     : YES
Global Maximum Fanout              : 100000
Add Generic Clock Buffer(BUFG)     : 24
Register Duplication               : YES
Slice Packing                      : YES
Optimize Instantiated Primitives   : NO
Use Clock Enable                   : Yes
Use Synchronous Set                : Yes
Use Synchronous Reset              : Yes
Pack IO Registers into IOBs        : Auto
Equivalent register Removal        : YES

---- General Options
Optimization Goal                  : Speed
Optimization Effort                : 1
Keep Hierarchy                     : No
Netlist Hierarchy                  : As_Optimized
RTL Output                         : Yes
Global Optimization                : AllClockNets
Read Cores                         : YES
Write Timing Constraints           : NO
Cross Clock Analysis               : NO
Hierarchy Separator                : /
Bus Delimiter                      : <>
Case Specifier                     : Maintain
Slice Utilization Ratio            : 100
BRAM Utilization Ratio             : 100
Verilog 2001                       : YES
Auto BRAM Packing                  : NO
Slice Utilization Ratio Delta      : 5

=========================================================================


=========================================================================
*                          HDL Compilation                              *
=========================================================================
Compiling vhdl file "/home/juan/Documents/SD_trabalho2/Trabalho2_SD/Calculadora/Multiplicador.vhd" in Library work.
Entity <multiplicador> compiled.
Entity <multiplicador> (Architecture <multiplicadorarch>) compiled.

=========================================================================
*                     Design Hierarchy Analysis                         *
=========================================================================
Analyzing hierarchy for entity <Multiplicador> in library <work> (architecture <multiplicadorarch>).


=========================================================================
*                            HDL Analysis                               *
=========================================================================
Analyzing Entity <Multiplicador> in library <work> (Architecture <multiplicadorarch>).
WARNING:Xst:819 - "/home/juan/Documents/SD_trabalho2/Trabalho2_SD/Calculadora/Multiplicador.vhd" line 54: One or more signals are missing in the process sensitivity list. To enable synthesis of FPGA/CPLD hardware, XST will assume that all necessary signals are present in the sensitivity list. Please note that the result of the synthesis may differ from the initial design specification. The missing signals are:
   <seis>
Entity <Multiplicador> analyzed. Unit <Multiplicador> generated.


=========================================================================
*                           HDL Synthesis                               *
=========================================================================

Performing bidirectional port resolution...

Synthesizing Unit <Multiplicador>.
    Related source file is "/home/juan/Documents/SD_trabalho2/Trabalho2_SD/Calculadora/Multiplicador.vhd".
WARNING:Xst:653 - Signal <seis> is used but never assigned. This sourceless signal will be automatically connected to value 0110.
WARNING:Xst:737 - Found 8-bit latch for signal <resultParcial2>. Latches may be generated from incomplete case or if statements. We do not recommend the use of latches in FPGA/CPLD designs, as they may lead to timing problems.
    Found 8-bit adder for signal <mux0000$addsub0000>.
    Found 8-bit comparator lessequal for signal <mux0000$cmp_le0000> created at line 57.
    Found 4x4-bit multiplier for signal <mux0000$share0001>.
    Found 4x4-bit multiplier for signal <resultParcial>.
    Found 8-bit adder for signal <resultParcial2$addsub0000> created at line 91.
    Found 8-bit comparator greatequal for signal <resultParcial2$cmp_ge0000> created at line 87.
    Found 8-bit comparator greatequal for signal <resultParcial2$cmp_ge0001> created at line 59.
    Found 8-bit comparator greatequal for signal <resultParcial2$cmp_ge0002> created at line 63.
    Found 8-bit comparator greatequal for signal <resultParcial2$cmp_ge0003> created at line 67.
    Found 8-bit comparator greatequal for signal <resultParcial2$cmp_ge0004> created at line 71.
    Found 8-bit comparator greatequal for signal <resultParcial2$cmp_ge0005> created at line 75.
    Found 8-bit comparator greatequal for signal <resultParcial2$cmp_ge0006> created at line 79.
    Found 8-bit comparator greatequal for signal <resultParcial2$cmp_ge0007> created at line 83.
    Found 8-bit comparator lessequal for signal <resultParcial2$cmp_le0000> created at line 87.
    Found 8-bit comparator lessequal for signal <resultParcial2$cmp_le0001> created at line 59.
    Found 8-bit comparator lessequal for signal <resultParcial2$cmp_le0002> created at line 63.
    Found 8-bit comparator lessequal for signal <resultParcial2$cmp_le0003> created at line 67.
    Found 8-bit comparator lessequal for signal <resultParcial2$cmp_le0004> created at line 71.
    Found 8-bit comparator lessequal for signal <resultParcial2$cmp_le0005> created at line 75.
    Found 8-bit comparator lessequal for signal <resultParcial2$cmp_le0006> created at line 79.
    Found 8-bit comparator lessequal for signal <resultParcial2$cmp_le0007> created at line 83.
    Summary:
	inferred   2 Adder/Subtractor(s).
	inferred   2 Multiplier(s).
	inferred  17 Comparator(s).
Unit <Multiplicador> synthesized.

INFO:Xst:1767 - HDL ADVISOR - Resource sharing has identified that some arithmetic operations in this design can share the same physical resources for reduced device utilization. For improved clock frequency you may try to disable resource sharing.

=========================================================================
HDL Synthesis Report

Macro Statistics
# Multipliers                                          : 2
 4x4-bit multiplier                                    : 2
# Adders/Subtractors                                   : 2
 8-bit adder                                           : 2
# Latches                                              : 1
 8-bit latch                                           : 1
# Comparators                                          : 17
 8-bit comparator greatequal                           : 8
 8-bit comparator lessequal                            : 9

=========================================================================

=========================================================================
*                       Advanced HDL Synthesis                          *
=========================================================================


=========================================================================
Advanced HDL Synthesis Report

Macro Statistics
# Multipliers                                          : 2
 4x4-bit multiplier                                    : 2
# Adders/Subtractors                                   : 2
 8-bit adder                                           : 2
# Latches                                              : 1
 8-bit latch                                           : 1
# Comparators                                          : 17
 8-bit comparator greatequal                           : 8
 8-bit comparator lessequal                            : 9

=========================================================================

=========================================================================
*                         Low Level Synthesis                           *
=========================================================================

Optimizing unit <Multiplicador> ...

Mapping all equations...
Building and optimizing final netlist ...
Found area constraint ratio of 100 (+ 5) on block Multiplicador, actual ratio is 0.

Final Macro Processing ...

=========================================================================
Final Register Report

Found no macro
=========================================================================

=========================================================================
*                           Partition Report                            *
=========================================================================

Partition Implementation Status
-------------------------------

  No Partitions were found in this design.

-------------------------------

=========================================================================
*                            Final Report                               *
=========================================================================
Final Results
RTL Top Level Output File Name     : Multiplicador.ngr
Top Level Output File Name         : Multiplicador
Output Format                      : NGC
Optimization Goal                  : Speed
Keep Hierarchy                     : No

Design Statistics
# IOs                              : 16

Cell Usage :
# BELS                             : 90
#      GND                         : 1
#      LUT1                        : 3
#      LUT2                        : 7
#      LUT3                        : 7
#      LUT4                        : 53
#      MUXCY                       : 7
#      MUXF5                       : 4
#      XORCY                       : 8
# FlipFlops/Latches                : 8
#      LDCPE                       : 8
# IO Buffers                       : 16
#      IBUF                        : 8
#      OBUF                        : 8
# MULTs                            : 1
#      MULT18X18SIO                : 1
=========================================================================

Device utilization summary:
---------------------------

Selected Device : 3s700anfgg484-4 

 Number of Slices:                       40  out of   5888     0%  
 Number of 4 input LUTs:                 70  out of  11776     0%  
 Number of IOs:                          16
 Number of bonded IOBs:                  16  out of    372     4%  
    IOB Flip Flops:                       8
 Number of MULT18X18SIOs:                 1  out of     20     5%  

---------------------------
Partition Resource Summary:
---------------------------

  No Partitions were found in this design.

---------------------------


=========================================================================
TIMING REPORT

NOTE: THESE TIMING NUMBERS ARE ONLY A SYNTHESIS ESTIMATE.
      FOR ACCURATE TIMING INFORMATION PLEASE REFER TO THE TRACE REPORT
      GENERATED AFTER PLACE-and-ROUTE.

Clock Information:
------------------
-------------------------------------------------------+--------------------------+-------+
Clock Signal                                           | Clock buffer(FF name)    | Load  |
-------------------------------------------------------+--------------------------+-------+
resultParcial2_cmp_ge0000(resultParcial2_cmp_ge00001:O)| NONE(*)(resultParcial2_0)| 8     |
-------------------------------------------------------+--------------------------+-------+
(*) This 1 clock signal(s) are generated by combinatorial logic,
and XST is not able to identify which are the primary clock signals.
Please use the CLOCK_SIGNAL constraint to specify the clock signal(s) generated by combinatorial logic.
INFO:Xst:2169 - HDL ADVISOR - Some clock signals were not automatically buffered by XST with BUFG/BUFR resources. Please use the buffer_type constraint in order to insert these buffers to the clock signals to help prevent skew problems.

Asynchronous Control Signals Information:
----------------------------------------
-------------------------------------------------------+------------------------+-------+
Control Signal                                         | Buffer(FF name)        | Load  |
-------------------------------------------------------+------------------------+-------+
resultParcial2_0__and0000(resultParcial2_0__and00001:O)| NONE(resultParcial2_0) | 1     |
resultParcial2_0__and0001(resultParcial2_0__and00011:O)| NONE(resultParcial2_0) | 1     |
resultParcial2_1__and0000(resultParcial2_1__and00001:O)| NONE(resultParcial2_1) | 1     |
resultParcial2_1__and0001(resultParcial2_1__and00011:O)| NONE(resultParcial2_1) | 1     |
resultParcial2_2__and0000(resultParcial2_2__and00001:O)| NONE(resultParcial2_2) | 1     |
resultParcial2_2__and0001(resultParcial2_2__and00011:O)| NONE(resultParcial2_2) | 1     |
resultParcial2_3__and0000(resultParcial2_3__and00001:O)| NONE(resultParcial2_3) | 1     |
resultParcial2_3__and0001(resultParcial2_3__and00011:O)| NONE(resultParcial2_3) | 1     |
resultParcial2_4__and0000(resultParcial2_4__and00001:O)| NONE(resultParcial2_4) | 1     |
resultParcial2_4__and0001(resultParcial2_4__and00011:O)| NONE(resultParcial2_4) | 1     |
resultParcial2_5__and0000(resultParcial2_5__and00001:O)| NONE(resultParcial2_5) | 1     |
resultParcial2_5__and0001(resultParcial2_5__and00011:O)| NONE(resultParcial2_5) | 1     |
resultParcial2_6__and0000(resultParcial2_6__and00001:O)| NONE(resultParcial2_6) | 1     |
resultParcial2_6__and0001(resultParcial2_6__and00011:O)| NONE(resultParcial2_6) | 1     |
resultParcial2_7__and0000(resultParcial2_7__and00001:O)| NONE(resultParcial2_7) | 1     |
resultParcial2_7__and0001(resultParcial2_7__and00011:O)| NONE(resultParcial2_7) | 1     |
-------------------------------------------------------+------------------------+-------+

Timing Summary:
---------------
Speed Grade: -4

   Minimum period: No path found
   Minimum input arrival time before clock: 15.491ns
   Maximum output required time after clock: 5.668ns
   Maximum combinational path delay: No path found

Timing Detail:
--------------
All values displayed in nanoseconds (ns)

=========================================================================
Timing constraint: Default OFFSET IN BEFORE for Clock 'resultParcial2_cmp_ge0000'
  Total number of paths / destination ports: 16420 / 16
-------------------------------------------------------------------------
Offset:              15.491ns (Levels of Logic = 17)
  Source:            numA<3> (PAD)
  Destination:       resultParcial2_7 (LATCH)
  Destination Clock: resultParcial2_cmp_ge0000 falling

  Data Path: numA<3> to resultParcial2_7
                                Gate     Net
    Cell:in->out      fanout   Delay   Delay  Logical Name (Net Name)
    ----------------------------------------  ------------
     IBUF:I->O             1   0.849   0.420  numA_3_IBUF (numA_3_IBUF)
     MULT18X18SIO:A3->P4   20   3.657   1.245  Mmult_resultParcial (Madd_resultParcial2_addsub0000_cy<4>)
     LUT4:I0->O            1   0.648   0.000  resultParcial2_and000235_SW01 (resultParcial2_and000235_SW0)
     MUXF5:I0->O           1   0.276   0.423  resultParcial2_and000235_SW0_f5 (N55)
     LUT4:I3->O            7   0.648   0.851  resultParcial2_and000235 (resultParcial2_and0002)
     LUT4:I0->O            1   0.648   0.563  mux0000_mux0001<3>1 (mux0000_mux0001<3>)
     LUT4:I0->O            1   0.648   0.500  mux0000_mux0000<1>2 (mux0000_mux0000<1>)
     LUT2:I1->O            1   0.643   0.000  Madd_mux0000_addsub0000_lut<1> (Madd_mux0000_addsub0000_lut<1>)
     MUXCY:S->O            1   0.632   0.000  Madd_mux0000_addsub0000_cy<1> (Madd_mux0000_addsub0000_cy<1>)
     MUXCY:CI->O           1   0.065   0.000  Madd_mux0000_addsub0000_cy<2> (Madd_mux0000_addsub0000_cy<2>)
     MUXCY:CI->O           1   0.065   0.000  Madd_mux0000_addsub0000_cy<3> (Madd_mux0000_addsub0000_cy<3>)
     MUXCY:CI->O           1   0.065   0.000  Madd_mux0000_addsub0000_cy<4> (Madd_mux0000_addsub0000_cy<4>)
     MUXCY:CI->O           1   0.065   0.000  Madd_mux0000_addsub0000_cy<5> (Madd_mux0000_addsub0000_cy<5>)
     MUXCY:CI->O           0   0.065   0.000  Madd_mux0000_addsub0000_cy<6> (Madd_mux0000_addsub0000_cy<6>)
     XORCY:CI->O           1   0.844   0.500  Madd_mux0000_addsub0000_xor<7> (mux0000_addsub0000<7>)
     LUT3:I1->O            1   0.643   0.000  resultParcial2_mux0008<7>_G (N62)
     MUXF5:I1->O           3   0.276   0.000  resultParcial2_mux0008<7> (resultParcial2_mux0008<7>)
     LDCPE:D                   0.252          resultParcial2_7
    ----------------------------------------
    Total                     15.491ns (10.989ns logic, 4.502ns route)
                                       (70.9% logic, 29.1% route)

=========================================================================
Timing constraint: Default OFFSET OUT AFTER for Clock 'resultParcial2_cmp_ge0000'
  Total number of paths / destination ports: 8 / 8
-------------------------------------------------------------------------
Offset:              5.668ns (Levels of Logic = 1)
  Source:            resultParcial2_7 (LATCH)
  Destination:       result<7> (PAD)
  Source Clock:      resultParcial2_cmp_ge0000 falling

  Data Path: resultParcial2_7 to result<7>
                                Gate     Net
    Cell:in->out      fanout   Delay   Delay  Logical Name (Net Name)
    ----------------------------------------  ------------
     LDCPE:G->Q            1   0.728   0.420  resultParcial2_7 (resultParcial2_7)
     OBUF:I->O                 4.520          result_7_OBUF (result<7>)
    ----------------------------------------
    Total                      5.668ns (5.248ns logic, 0.420ns route)
                                       (92.6% logic, 7.4% route)

=========================================================================


Total REAL time to Xst completion: 6.00 secs
Total CPU time to Xst completion: 4.97 secs
 
--> 


Total memory usage is 514216 kilobytes

Number of errors   :    0 (   0 filtered)
Number of warnings :    3 (   0 filtered)
Number of infos    :    2 (   0 filtered)

