--------------------------------------------------------------------------------
Release 14.7 Trace  (lin64)
Copyright (c) 1995-2013 Xilinx, Inc.  All rights reserved.

/opt/Xilinx/14.7/ISE_DS/ISE/bin/lin64/unwrapped/trce -intstyle ise -v 3 -s 4 -n
3 -fastpaths -xml Multiplicador.twx Multiplicador.ncd -o Multiplicador.twr
Multiplicador.pcf

Design file:              Multiplicador.ncd
Physical constraint file: Multiplicador.pcf
Device,package,speed:     xc3s700an,fgg484,-4 (PRODUCTION 1.42 2013-10-13)
Report level:             verbose report

Environment Variable      Effect 
--------------------      ------ 
NONE                      No environment variables were set
--------------------------------------------------------------------------------

INFO:Timing:2698 - No timing constraints found, doing default enumeration.
INFO:Timing:3412 - To improve timing, see the Timing Closure User Guide (UG612).
INFO:Timing:2752 - To get complete path coverage, use the unconstrained paths 
   option. All paths that are not constrained will be reported in the 
   unconstrained paths section(s) of the report.
INFO:Timing:3339 - The clock-to-out numbers in this timing report are based on 
   a 50 Ohm transmission line loading model.  For the details of this model, 
   and for more information on accounting for different loading conditions, 
   please see the device datasheet.
INFO:Timing:3390 - This architecture does not support a default System Jitter 
   value, please add SYSTEM_JITTER constraint to the UCF to modify the Clock 
   Uncertainty calculation.
INFO:Timing:3389 - This architecture does not support 'Discrete Jitter' and 
   'Phase Error' calculations, these terms will be zero in the Clock 
   Uncertainty calculation.  Please make appropriate modification to 
   SYSTEM_JITTER to account for the unsupported Discrete Jitter and Phase 
   Error.



Data Sheet report:
-----------------
All values displayed in nanoseconds (ns)

Clock numA<0> to Pad
------------+------------+-------------------------+--------+
            | clk (edge) |                         | Clock  |
Destination |   to PAD   |Internal Clock(s)        | Phase  |
------------+------------+-------------------------+--------+
result<0>   |   12.553(F)|resultParcial2_cmp_ge0000|   0.000|
result<1>   |   13.606(F)|resultParcial2_cmp_ge0000|   0.000|
result<2>   |   13.606(F)|resultParcial2_cmp_ge0000|   0.000|
result<3>   |   13.600(F)|resultParcial2_cmp_ge0000|   0.000|
result<4>   |   13.600(F)|resultParcial2_cmp_ge0000|   0.000|
result<5>   |   12.553(F)|resultParcial2_cmp_ge0000|   0.000|
result<6>   |   13.567(F)|resultParcial2_cmp_ge0000|   0.000|
result<7>   |   13.590(F)|resultParcial2_cmp_ge0000|   0.000|
------------+------------+-------------------------+--------+

Clock numA<1> to Pad
------------+------------+-------------------------+--------+
            | clk (edge) |                         | Clock  |
Destination |   to PAD   |Internal Clock(s)        | Phase  |
------------+------------+-------------------------+--------+
result<0>   |   12.532(F)|resultParcial2_cmp_ge0000|   0.000|
result<1>   |   13.585(F)|resultParcial2_cmp_ge0000|   0.000|
result<2>   |   13.585(F)|resultParcial2_cmp_ge0000|   0.000|
result<3>   |   13.579(F)|resultParcial2_cmp_ge0000|   0.000|
result<4>   |   13.579(F)|resultParcial2_cmp_ge0000|   0.000|
result<5>   |   12.532(F)|resultParcial2_cmp_ge0000|   0.000|
result<6>   |   13.546(F)|resultParcial2_cmp_ge0000|   0.000|
result<7>   |   13.569(F)|resultParcial2_cmp_ge0000|   0.000|
------------+------------+-------------------------+--------+

Clock numA<2> to Pad
------------+------------+-------------------------+--------+
            | clk (edge) |                         | Clock  |
Destination |   to PAD   |Internal Clock(s)        | Phase  |
------------+------------+-------------------------+--------+
result<0>   |   13.074(F)|resultParcial2_cmp_ge0000|   0.000|
result<1>   |   14.127(F)|resultParcial2_cmp_ge0000|   0.000|
result<2>   |   14.127(F)|resultParcial2_cmp_ge0000|   0.000|
result<3>   |   14.121(F)|resultParcial2_cmp_ge0000|   0.000|
result<4>   |   14.121(F)|resultParcial2_cmp_ge0000|   0.000|
result<5>   |   13.074(F)|resultParcial2_cmp_ge0000|   0.000|
result<6>   |   14.088(F)|resultParcial2_cmp_ge0000|   0.000|
result<7>   |   14.111(F)|resultParcial2_cmp_ge0000|   0.000|
------------+------------+-------------------------+--------+

Clock numA<3> to Pad
------------+------------+-------------------------+--------+
            | clk (edge) |                         | Clock  |
Destination |   to PAD   |Internal Clock(s)        | Phase  |
------------+------------+-------------------------+--------+
result<0>   |   12.768(F)|resultParcial2_cmp_ge0000|   0.000|
result<1>   |   13.821(F)|resultParcial2_cmp_ge0000|   0.000|
result<2>   |   13.821(F)|resultParcial2_cmp_ge0000|   0.000|
result<3>   |   13.815(F)|resultParcial2_cmp_ge0000|   0.000|
result<4>   |   13.815(F)|resultParcial2_cmp_ge0000|   0.000|
result<5>   |   12.768(F)|resultParcial2_cmp_ge0000|   0.000|
result<6>   |   13.782(F)|resultParcial2_cmp_ge0000|   0.000|
result<7>   |   13.805(F)|resultParcial2_cmp_ge0000|   0.000|
------------+------------+-------------------------+--------+

Clock numB<0> to Pad
------------+------------+-------------------------+--------+
            | clk (edge) |                         | Clock  |
Destination |   to PAD   |Internal Clock(s)        | Phase  |
------------+------------+-------------------------+--------+
result<0>   |   12.924(F)|resultParcial2_cmp_ge0000|   0.000|
result<1>   |   13.977(F)|resultParcial2_cmp_ge0000|   0.000|
result<2>   |   13.977(F)|resultParcial2_cmp_ge0000|   0.000|
result<3>   |   13.971(F)|resultParcial2_cmp_ge0000|   0.000|
result<4>   |   13.971(F)|resultParcial2_cmp_ge0000|   0.000|
result<5>   |   12.924(F)|resultParcial2_cmp_ge0000|   0.000|
result<6>   |   13.938(F)|resultParcial2_cmp_ge0000|   0.000|
result<7>   |   13.961(F)|resultParcial2_cmp_ge0000|   0.000|
------------+------------+-------------------------+--------+

Clock numB<1> to Pad
------------+------------+-------------------------+--------+
            | clk (edge) |                         | Clock  |
Destination |   to PAD   |Internal Clock(s)        | Phase  |
------------+------------+-------------------------+--------+
result<0>   |   12.924(F)|resultParcial2_cmp_ge0000|   0.000|
result<1>   |   13.977(F)|resultParcial2_cmp_ge0000|   0.000|
result<2>   |   13.977(F)|resultParcial2_cmp_ge0000|   0.000|
result<3>   |   13.971(F)|resultParcial2_cmp_ge0000|   0.000|
result<4>   |   13.971(F)|resultParcial2_cmp_ge0000|   0.000|
result<5>   |   12.924(F)|resultParcial2_cmp_ge0000|   0.000|
result<6>   |   13.938(F)|resultParcial2_cmp_ge0000|   0.000|
result<7>   |   13.961(F)|resultParcial2_cmp_ge0000|   0.000|
------------+------------+-------------------------+--------+

Clock numB<2> to Pad
------------+------------+-------------------------+--------+
            | clk (edge) |                         | Clock  |
Destination |   to PAD   |Internal Clock(s)        | Phase  |
------------+------------+-------------------------+--------+
result<0>   |   12.756(F)|resultParcial2_cmp_ge0000|   0.000|
result<1>   |   13.809(F)|resultParcial2_cmp_ge0000|   0.000|
result<2>   |   13.809(F)|resultParcial2_cmp_ge0000|   0.000|
result<3>   |   13.803(F)|resultParcial2_cmp_ge0000|   0.000|
result<4>   |   13.803(F)|resultParcial2_cmp_ge0000|   0.000|
result<5>   |   12.756(F)|resultParcial2_cmp_ge0000|   0.000|
result<6>   |   13.770(F)|resultParcial2_cmp_ge0000|   0.000|
result<7>   |   13.793(F)|resultParcial2_cmp_ge0000|   0.000|
------------+------------+-------------------------+--------+

Clock numB<3> to Pad
------------+------------+-------------------------+--------+
            | clk (edge) |                         | Clock  |
Destination |   to PAD   |Internal Clock(s)        | Phase  |
------------+------------+-------------------------+--------+
result<0>   |   12.751(F)|resultParcial2_cmp_ge0000|   0.000|
result<1>   |   13.804(F)|resultParcial2_cmp_ge0000|   0.000|
result<2>   |   13.804(F)|resultParcial2_cmp_ge0000|   0.000|
result<3>   |   13.798(F)|resultParcial2_cmp_ge0000|   0.000|
result<4>   |   13.798(F)|resultParcial2_cmp_ge0000|   0.000|
result<5>   |   12.751(F)|resultParcial2_cmp_ge0000|   0.000|
result<6>   |   13.765(F)|resultParcial2_cmp_ge0000|   0.000|
result<7>   |   13.788(F)|resultParcial2_cmp_ge0000|   0.000|
------------+------------+-------------------------+--------+

Clock to Setup on destination clock numA<0>
---------------+---------+---------+---------+---------+
               | Src:Rise| Src:Fall| Src:Rise| Src:Fall|
Source Clock   |Dest:Rise|Dest:Rise|Dest:Fall|Dest:Fall|
---------------+---------+---------+---------+---------+
numA<0>        |         |         |   11.643|   11.643|
numA<1>        |         |         |   11.622|   11.622|
numA<2>        |         |         |   12.164|   12.164|
numA<3>        |         |         |   11.858|   11.858|
numB<0>        |         |         |   12.014|   12.014|
numB<1>        |         |         |   12.014|   12.014|
numB<2>        |         |         |   11.846|   11.846|
numB<3>        |         |         |   11.841|   11.841|
---------------+---------+---------+---------+---------+

Clock to Setup on destination clock numA<1>
---------------+---------+---------+---------+---------+
               | Src:Rise| Src:Fall| Src:Rise| Src:Fall|
Source Clock   |Dest:Rise|Dest:Rise|Dest:Fall|Dest:Fall|
---------------+---------+---------+---------+---------+
numA<0>        |         |         |   11.659|   11.659|
numA<1>        |         |         |   11.638|   11.638|
numA<2>        |         |         |   12.180|   12.180|
numA<3>        |         |         |   11.874|   11.874|
numB<0>        |         |         |   12.030|   12.030|
numB<1>        |         |         |   12.030|   12.030|
numB<2>        |         |         |   11.862|   11.862|
numB<3>        |         |         |   11.857|   11.857|
---------------+---------+---------+---------+---------+

Clock to Setup on destination clock numA<2>
---------------+---------+---------+---------+---------+
               | Src:Rise| Src:Fall| Src:Rise| Src:Fall|
Source Clock   |Dest:Rise|Dest:Rise|Dest:Fall|Dest:Fall|
---------------+---------+---------+---------+---------+
numA<0>        |         |         |   11.226|   11.226|
numA<1>        |         |         |   11.205|   11.205|
numA<2>        |         |         |   11.747|   11.747|
numA<3>        |         |         |   11.441|   11.441|
numB<0>        |         |         |   11.597|   11.597|
numB<1>        |         |         |   11.597|   11.597|
numB<2>        |         |         |   11.429|   11.429|
numB<3>        |         |         |   11.424|   11.424|
---------------+---------+---------+---------+---------+

Clock to Setup on destination clock numA<3>
---------------+---------+---------+---------+---------+
               | Src:Rise| Src:Fall| Src:Rise| Src:Fall|
Source Clock   |Dest:Rise|Dest:Rise|Dest:Fall|Dest:Fall|
---------------+---------+---------+---------+---------+
numA<0>        |         |         |   11.471|   11.471|
numA<1>        |         |         |   11.450|   11.450|
numA<2>        |         |         |   11.992|   11.992|
numA<3>        |         |         |   11.686|   11.686|
numB<0>        |         |         |   11.842|   11.842|
numB<1>        |         |         |   11.842|   11.842|
numB<2>        |         |         |   11.674|   11.674|
numB<3>        |         |         |   11.669|   11.669|
---------------+---------+---------+---------+---------+

Clock to Setup on destination clock numB<0>
---------------+---------+---------+---------+---------+
               | Src:Rise| Src:Fall| Src:Rise| Src:Fall|
Source Clock   |Dest:Rise|Dest:Rise|Dest:Fall|Dest:Fall|
---------------+---------+---------+---------+---------+
numA<0>        |         |         |   11.346|   11.346|
numA<1>        |         |         |   11.325|   11.325|
numA<2>        |         |         |   11.867|   11.867|
numA<3>        |         |         |   11.561|   11.561|
numB<0>        |         |         |   11.717|   11.717|
numB<1>        |         |         |   11.717|   11.717|
numB<2>        |         |         |   11.549|   11.549|
numB<3>        |         |         |   11.544|   11.544|
---------------+---------+---------+---------+---------+

Clock to Setup on destination clock numB<1>
---------------+---------+---------+---------+---------+
               | Src:Rise| Src:Fall| Src:Rise| Src:Fall|
Source Clock   |Dest:Rise|Dest:Rise|Dest:Fall|Dest:Fall|
---------------+---------+---------+---------+---------+
numA<0>        |         |         |   11.346|   11.346|
numA<1>        |         |         |   11.325|   11.325|
numA<2>        |         |         |   11.867|   11.867|
numA<3>        |         |         |   11.561|   11.561|
numB<0>        |         |         |   11.717|   11.717|
numB<1>        |         |         |   11.717|   11.717|
numB<2>        |         |         |   11.549|   11.549|
numB<3>        |         |         |   11.544|   11.544|
---------------+---------+---------+---------+---------+

Clock to Setup on destination clock numB<2>
---------------+---------+---------+---------+---------+
               | Src:Rise| Src:Fall| Src:Rise| Src:Fall|
Source Clock   |Dest:Rise|Dest:Rise|Dest:Fall|Dest:Fall|
---------------+---------+---------+---------+---------+
numA<0>        |         |         |   11.481|   11.481|
numA<1>        |         |         |   11.460|   11.460|
numA<2>        |         |         |   12.002|   12.002|
numA<3>        |         |         |   11.696|   11.696|
numB<0>        |         |         |   11.852|   11.852|
numB<1>        |         |         |   11.852|   11.852|
numB<2>        |         |         |   11.684|   11.684|
numB<3>        |         |         |   11.679|   11.679|
---------------+---------+---------+---------+---------+

Clock to Setup on destination clock numB<3>
---------------+---------+---------+---------+---------+
               | Src:Rise| Src:Fall| Src:Rise| Src:Fall|
Source Clock   |Dest:Rise|Dest:Rise|Dest:Fall|Dest:Fall|
---------------+---------+---------+---------+---------+
numA<0>        |         |         |   11.485|   11.485|
numA<1>        |         |         |   11.464|   11.464|
numA<2>        |         |         |   12.006|   12.006|
numA<3>        |         |         |   11.700|   11.700|
numB<0>        |         |         |   11.856|   11.856|
numB<1>        |         |         |   11.856|   11.856|
numB<2>        |         |         |   11.688|   11.688|
numB<3>        |         |         |   11.683|   11.683|
---------------+---------+---------+---------+---------+


Analysis completed Thu Nov 29 21:20:59 2018 
--------------------------------------------------------------------------------

Trace Settings:
-------------------------
Trace Settings 

Peak Memory Usage: 366 MB



