--------------------------------------------------------------------------------
Release 14.7 Trace  (lin64)
Copyright (c) 1995-2013 Xilinx, Inc.  All rights reserved.

/opt/Xilinx/14.7/ISE_DS/ISE/bin/lin64/unwrapped/trce -intstyle ise -v 3 -s 4 -n
3 -fastpaths -xml MultiplicadorCompleto.twx MultiplicadorCompleto.ncd -o
MultiplicadorCompleto.twr MultiplicadorCompleto.pcf

Design file:              MultiplicadorCompleto.ncd
Physical constraint file: MultiplicadorCompleto.pcf
Device,package,speed:     xc3s700an,fgg484,-4 (PRODUCTION 1.42 2013-10-13)
Report level:             verbose report

Environment Variable      Effect 
--------------------      ------ 
NONE                      No environment variables were set
--------------------------------------------------------------------------------

INFO:Timing:2698 - No timing constraints found, doing default enumeration.
INFO:Timing:3412 - To improve timing, see the Timing Closure User Guide (UG612).
INFO:Timing:2752 - To get complete path coverage, use the unconstrained paths 
   option. All paths that are not constrained will be reported in the 
   unconstrained paths section(s) of the report.
INFO:Timing:3339 - The clock-to-out numbers in this timing report are based on 
   a 50 Ohm transmission line loading model.  For the details of this model, 
   and for more information on accounting for different loading conditions, 
   please see the device datasheet.
INFO:Timing:3390 - This architecture does not support a default System Jitter 
   value, please add SYSTEM_JITTER constraint to the UCF to modify the Clock 
   Uncertainty calculation.
INFO:Timing:3389 - This architecture does not support 'Discrete Jitter' and 
   'Phase Error' calculations, these terms will be zero in the Clock 
   Uncertainty calculation.  Please make appropriate modification to 
   SYSTEM_JITTER to account for the unsupported Discrete Jitter and Phase 
   Error.



Data Sheet report:
-----------------
All values displayed in nanoseconds (ns)

Clock numA<12> to Pad
------------+------------+--------------------------------+--------+
            | clk (edge) |                                | Clock  |
Destination |   to PAD   |Internal Clock(s)               | Phase  |
------------+------------+--------------------------------+--------+
result<0>   |   13.985(F)|mult10/resultParcial2_cmp_ge0000|   0.000|
result<1>   |   13.985(F)|mult10/resultParcial2_cmp_ge0000|   0.000|
result<2>   |   13.990(F)|mult10/resultParcial2_cmp_ge0000|   0.000|
result<3>   |   13.993(F)|mult10/resultParcial2_cmp_ge0000|   0.000|
result<4>   |   17.077(F)|mult10/resultParcial2_cmp_ge0000|   0.000|
            |   19.102(F)|mult9/resultParcial2_cmp_ge0000 |   0.000|
result<5>   |   21.607(F)|mult10/resultParcial2_cmp_ge0000|   0.000|
            |   23.149(F)|mult9/resultParcial2_cmp_ge0000 |   0.000|
result<6>   |   21.948(F)|mult10/resultParcial2_cmp_ge0000|   0.000|
            |   23.490(F)|mult9/resultParcial2_cmp_ge0000 |   0.000|
result<7>   |   20.748(F)|mult10/resultParcial2_cmp_ge0000|   0.000|
            |   22.887(F)|mult9/resultParcial2_cmp_ge0000 |   0.000|
result<8>   |   23.336(F)|mult10/resultParcial2_cmp_ge0000|   0.000|
            |   18.895(F)|mult11/resultParcial2_cmp_ge0000|   0.000|
            |   25.475(F)|mult9/resultParcial2_cmp_ge0000 |   0.000|
result<9>   |   24.784(F)|mult10/resultParcial2_cmp_ge0000|   0.000|
            |   21.709(F)|mult11/resultParcial2_cmp_ge0000|   0.000|
            |   26.916(F)|mult9/resultParcial2_cmp_ge0000 |   0.000|
result<10>  |   24.739(F)|mult10/resultParcial2_cmp_ge0000|   0.000|
            |   21.664(F)|mult11/resultParcial2_cmp_ge0000|   0.000|
            |   26.871(F)|mult9/resultParcial2_cmp_ge0000 |   0.000|
result<11>  |   25.041(F)|mult10/resultParcial2_cmp_ge0000|   0.000|
            |   21.966(F)|mult11/resultParcial2_cmp_ge0000|   0.000|
            |   27.173(F)|mult9/resultParcial2_cmp_ge0000 |   0.000|
result<12>  |   27.362(F)|mult10/resultParcial2_cmp_ge0000|   0.000|
            |   24.287(F)|mult11/resultParcial2_cmp_ge0000|   0.000|
            |   17.305(F)|mult16/resultParcial2_cmp_ge0000|   0.000|
            |   29.494(F)|mult9/resultParcial2_cmp_ge0000 |   0.000|
result<13>  |   29.188(F)|mult10/resultParcial2_cmp_ge0000|   0.000|
            |   26.130(F)|mult11/resultParcial2_cmp_ge0000|   0.000|
            |   20.148(F)|mult16/resultParcial2_cmp_ge0000|   0.000|
            |   31.320(F)|mult9/resultParcial2_cmp_ge0000 |   0.000|
result<14>  |   29.108(F)|mult10/resultParcial2_cmp_ge0000|   0.000|
            |   26.050(F)|mult11/resultParcial2_cmp_ge0000|   0.000|
            |   20.040(F)|mult16/resultParcial2_cmp_ge0000|   0.000|
            |   31.240(F)|mult9/resultParcial2_cmp_ge0000 |   0.000|
result<15>  |   29.178(F)|mult10/resultParcial2_cmp_ge0000|   0.000|
            |   26.120(F)|mult11/resultParcial2_cmp_ge0000|   0.000|
            |   20.138(F)|mult16/resultParcial2_cmp_ge0000|   0.000|
            |   31.310(F)|mult9/resultParcial2_cmp_ge0000 |   0.000|
result<16>  |   14.157(F)|mult16/resultParcial2_cmp_ge0000|   0.000|
result<17>  |   14.169(F)|mult16/resultParcial2_cmp_ge0000|   0.000|
result<18>  |   14.204(F)|mult16/resultParcial2_cmp_ge0000|   0.000|
result<19>  |   14.204(F)|mult16/resultParcial2_cmp_ge0000|   0.000|
------------+------------+--------------------------------+--------+

Clock numA<13> to Pad
------------+------------+--------------------------------+--------+
            | clk (edge) |                                | Clock  |
Destination |   to PAD   |Internal Clock(s)               | Phase  |
------------+------------+--------------------------------+--------+
result<0>   |   13.923(F)|mult10/resultParcial2_cmp_ge0000|   0.000|
result<1>   |   13.923(F)|mult10/resultParcial2_cmp_ge0000|   0.000|
result<2>   |   13.928(F)|mult10/resultParcial2_cmp_ge0000|   0.000|
result<3>   |   13.931(F)|mult10/resultParcial2_cmp_ge0000|   0.000|
result<4>   |   17.015(F)|mult10/resultParcial2_cmp_ge0000|   0.000|
            |   18.510(F)|mult9/resultParcial2_cmp_ge0000 |   0.000|
result<5>   |   21.545(F)|mult10/resultParcial2_cmp_ge0000|   0.000|
            |   22.557(F)|mult9/resultParcial2_cmp_ge0000 |   0.000|
result<6>   |   21.886(F)|mult10/resultParcial2_cmp_ge0000|   0.000|
            |   22.898(F)|mult9/resultParcial2_cmp_ge0000 |   0.000|
result<7>   |   20.686(F)|mult10/resultParcial2_cmp_ge0000|   0.000|
            |   22.295(F)|mult9/resultParcial2_cmp_ge0000 |   0.000|
result<8>   |   23.274(F)|mult10/resultParcial2_cmp_ge0000|   0.000|
            |   18.807(F)|mult11/resultParcial2_cmp_ge0000|   0.000|
            |   24.883(F)|mult9/resultParcial2_cmp_ge0000 |   0.000|
result<9>   |   24.722(F)|mult10/resultParcial2_cmp_ge0000|   0.000|
            |   21.621(F)|mult11/resultParcial2_cmp_ge0000|   0.000|
            |   26.324(F)|mult9/resultParcial2_cmp_ge0000 |   0.000|
result<10>  |   24.677(F)|mult10/resultParcial2_cmp_ge0000|   0.000|
            |   21.576(F)|mult11/resultParcial2_cmp_ge0000|   0.000|
            |   26.279(F)|mult9/resultParcial2_cmp_ge0000 |   0.000|
result<11>  |   24.979(F)|mult10/resultParcial2_cmp_ge0000|   0.000|
            |   21.878(F)|mult11/resultParcial2_cmp_ge0000|   0.000|
            |   26.581(F)|mult9/resultParcial2_cmp_ge0000 |   0.000|
result<12>  |   27.300(F)|mult10/resultParcial2_cmp_ge0000|   0.000|
            |   24.199(F)|mult11/resultParcial2_cmp_ge0000|   0.000|
            |   17.540(F)|mult16/resultParcial2_cmp_ge0000|   0.000|
            |   28.902(F)|mult9/resultParcial2_cmp_ge0000 |   0.000|
result<13>  |   29.126(F)|mult10/resultParcial2_cmp_ge0000|   0.000|
            |   26.042(F)|mult11/resultParcial2_cmp_ge0000|   0.000|
            |   20.383(F)|mult16/resultParcial2_cmp_ge0000|   0.000|
            |   30.728(F)|mult9/resultParcial2_cmp_ge0000 |   0.000|
result<14>  |   29.046(F)|mult10/resultParcial2_cmp_ge0000|   0.000|
            |   25.962(F)|mult11/resultParcial2_cmp_ge0000|   0.000|
            |   20.275(F)|mult16/resultParcial2_cmp_ge0000|   0.000|
            |   30.648(F)|mult9/resultParcial2_cmp_ge0000 |   0.000|
result<15>  |   29.116(F)|mult10/resultParcial2_cmp_ge0000|   0.000|
            |   26.032(F)|mult11/resultParcial2_cmp_ge0000|   0.000|
            |   20.373(F)|mult16/resultParcial2_cmp_ge0000|   0.000|
            |   30.718(F)|mult9/resultParcial2_cmp_ge0000 |   0.000|
result<16>  |   14.392(F)|mult16/resultParcial2_cmp_ge0000|   0.000|
result<17>  |   14.404(F)|mult16/resultParcial2_cmp_ge0000|   0.000|
result<18>  |   14.439(F)|mult16/resultParcial2_cmp_ge0000|   0.000|
result<19>  |   14.439(F)|mult16/resultParcial2_cmp_ge0000|   0.000|
------------+------------+--------------------------------+--------+

Clock numA<14> to Pad
------------+------------+--------------------------------+--------+
            | clk (edge) |                                | Clock  |
Destination |   to PAD   |Internal Clock(s)               | Phase  |
------------+------------+--------------------------------+--------+
result<0>   |   14.683(F)|mult10/resultParcial2_cmp_ge0000|   0.000|
result<1>   |   14.683(F)|mult10/resultParcial2_cmp_ge0000|   0.000|
result<2>   |   14.688(F)|mult10/resultParcial2_cmp_ge0000|   0.000|
result<3>   |   14.691(F)|mult10/resultParcial2_cmp_ge0000|   0.000|
result<4>   |   17.775(F)|mult10/resultParcial2_cmp_ge0000|   0.000|
            |   19.614(F)|mult9/resultParcial2_cmp_ge0000 |   0.000|
result<5>   |   22.305(F)|mult10/resultParcial2_cmp_ge0000|   0.000|
            |   23.661(F)|mult9/resultParcial2_cmp_ge0000 |   0.000|
result<6>   |   22.646(F)|mult10/resultParcial2_cmp_ge0000|   0.000|
            |   24.002(F)|mult9/resultParcial2_cmp_ge0000 |   0.000|
result<7>   |   21.446(F)|mult10/resultParcial2_cmp_ge0000|   0.000|
            |   23.399(F)|mult9/resultParcial2_cmp_ge0000 |   0.000|
result<8>   |   24.034(F)|mult10/resultParcial2_cmp_ge0000|   0.000|
            |   18.441(F)|mult11/resultParcial2_cmp_ge0000|   0.000|
            |   25.987(F)|mult9/resultParcial2_cmp_ge0000 |   0.000|
result<9>   |   25.482(F)|mult10/resultParcial2_cmp_ge0000|   0.000|
            |   21.255(F)|mult11/resultParcial2_cmp_ge0000|   0.000|
            |   27.428(F)|mult9/resultParcial2_cmp_ge0000 |   0.000|
result<10>  |   25.437(F)|mult10/resultParcial2_cmp_ge0000|   0.000|
            |   21.210(F)|mult11/resultParcial2_cmp_ge0000|   0.000|
            |   27.383(F)|mult9/resultParcial2_cmp_ge0000 |   0.000|
result<11>  |   25.739(F)|mult10/resultParcial2_cmp_ge0000|   0.000|
            |   21.512(F)|mult11/resultParcial2_cmp_ge0000|   0.000|
            |   27.685(F)|mult9/resultParcial2_cmp_ge0000 |   0.000|
result<12>  |   28.060(F)|mult10/resultParcial2_cmp_ge0000|   0.000|
            |   23.833(F)|mult11/resultParcial2_cmp_ge0000|   0.000|
            |   17.114(F)|mult16/resultParcial2_cmp_ge0000|   0.000|
            |   30.006(F)|mult9/resultParcial2_cmp_ge0000 |   0.000|
result<13>  |   29.886(F)|mult10/resultParcial2_cmp_ge0000|   0.000|
            |   25.676(F)|mult11/resultParcial2_cmp_ge0000|   0.000|
            |   19.957(F)|mult16/resultParcial2_cmp_ge0000|   0.000|
            |   31.832(F)|mult9/resultParcial2_cmp_ge0000 |   0.000|
result<14>  |   29.806(F)|mult10/resultParcial2_cmp_ge0000|   0.000|
            |   25.596(F)|mult11/resultParcial2_cmp_ge0000|   0.000|
            |   19.849(F)|mult16/resultParcial2_cmp_ge0000|   0.000|
            |   31.752(F)|mult9/resultParcial2_cmp_ge0000 |   0.000|
result<15>  |   29.876(F)|mult10/resultParcial2_cmp_ge0000|   0.000|
            |   25.666(F)|mult11/resultParcial2_cmp_ge0000|   0.000|
            |   19.947(F)|mult16/resultParcial2_cmp_ge0000|   0.000|
            |   31.822(F)|mult9/resultParcial2_cmp_ge0000 |   0.000|
result<16>  |   13.966(F)|mult16/resultParcial2_cmp_ge0000|   0.000|
result<17>  |   13.978(F)|mult16/resultParcial2_cmp_ge0000|   0.000|
result<18>  |   14.013(F)|mult16/resultParcial2_cmp_ge0000|   0.000|
result<19>  |   14.013(F)|mult16/resultParcial2_cmp_ge0000|   0.000|
------------+------------+--------------------------------+--------+

Clock numA<15> to Pad
------------+------------+--------------------------------+--------+
            | clk (edge) |                                | Clock  |
Destination |   to PAD   |Internal Clock(s)               | Phase  |
------------+------------+--------------------------------+--------+
result<0>   |   14.470(F)|mult10/resultParcial2_cmp_ge0000|   0.000|
result<1>   |   14.470(F)|mult10/resultParcial2_cmp_ge0000|   0.000|
result<2>   |   14.475(F)|mult10/resultParcial2_cmp_ge0000|   0.000|
result<3>   |   14.478(F)|mult10/resultParcial2_cmp_ge0000|   0.000|
result<4>   |   17.562(F)|mult10/resultParcial2_cmp_ge0000|   0.000|
            |   19.583(F)|mult9/resultParcial2_cmp_ge0000 |   0.000|
result<5>   |   22.092(F)|mult10/resultParcial2_cmp_ge0000|   0.000|
            |   23.630(F)|mult9/resultParcial2_cmp_ge0000 |   0.000|
result<6>   |   22.433(F)|mult10/resultParcial2_cmp_ge0000|   0.000|
            |   23.971(F)|mult9/resultParcial2_cmp_ge0000 |   0.000|
result<7>   |   21.233(F)|mult10/resultParcial2_cmp_ge0000|   0.000|
            |   23.368(F)|mult9/resultParcial2_cmp_ge0000 |   0.000|
result<8>   |   23.821(F)|mult10/resultParcial2_cmp_ge0000|   0.000|
            |   18.414(F)|mult11/resultParcial2_cmp_ge0000|   0.000|
            |   25.956(F)|mult9/resultParcial2_cmp_ge0000 |   0.000|
result<9>   |   25.269(F)|mult10/resultParcial2_cmp_ge0000|   0.000|
            |   21.228(F)|mult11/resultParcial2_cmp_ge0000|   0.000|
            |   27.397(F)|mult9/resultParcial2_cmp_ge0000 |   0.000|
result<10>  |   25.224(F)|mult10/resultParcial2_cmp_ge0000|   0.000|
            |   21.183(F)|mult11/resultParcial2_cmp_ge0000|   0.000|
            |   27.352(F)|mult9/resultParcial2_cmp_ge0000 |   0.000|
result<11>  |   25.526(F)|mult10/resultParcial2_cmp_ge0000|   0.000|
            |   21.485(F)|mult11/resultParcial2_cmp_ge0000|   0.000|
            |   27.654(F)|mult9/resultParcial2_cmp_ge0000 |   0.000|
result<12>  |   27.847(F)|mult10/resultParcial2_cmp_ge0000|   0.000|
            |   23.806(F)|mult11/resultParcial2_cmp_ge0000|   0.000|
            |   17.333(F)|mult16/resultParcial2_cmp_ge0000|   0.000|
            |   29.975(F)|mult9/resultParcial2_cmp_ge0000 |   0.000|
result<13>  |   29.673(F)|mult10/resultParcial2_cmp_ge0000|   0.000|
            |   25.649(F)|mult11/resultParcial2_cmp_ge0000|   0.000|
            |   20.176(F)|mult16/resultParcial2_cmp_ge0000|   0.000|
            |   31.801(F)|mult9/resultParcial2_cmp_ge0000 |   0.000|
result<14>  |   29.593(F)|mult10/resultParcial2_cmp_ge0000|   0.000|
            |   25.569(F)|mult11/resultParcial2_cmp_ge0000|   0.000|
            |   20.068(F)|mult16/resultParcial2_cmp_ge0000|   0.000|
            |   31.721(F)|mult9/resultParcial2_cmp_ge0000 |   0.000|
result<15>  |   29.663(F)|mult10/resultParcial2_cmp_ge0000|   0.000|
            |   25.639(F)|mult11/resultParcial2_cmp_ge0000|   0.000|
            |   20.166(F)|mult16/resultParcial2_cmp_ge0000|   0.000|
            |   31.791(F)|mult9/resultParcial2_cmp_ge0000 |   0.000|
result<16>  |   14.185(F)|mult16/resultParcial2_cmp_ge0000|   0.000|
result<17>  |   14.197(F)|mult16/resultParcial2_cmp_ge0000|   0.000|
result<18>  |   14.232(F)|mult16/resultParcial2_cmp_ge0000|   0.000|
result<19>  |   14.232(F)|mult16/resultParcial2_cmp_ge0000|   0.000|
------------+------------+--------------------------------+--------+

Clock numB<0> to Pad
------------+------------+-------------------------------+--------+
            | clk (edge) |                               | Clock  |
Destination |   to PAD   |Internal Clock(s)              | Phase  |
------------+------------+-------------------------------+--------+
result<4>   |   18.226(F)|mult9/resultParcial2_cmp_ge0000|   0.000|
result<5>   |   22.273(F)|mult9/resultParcial2_cmp_ge0000|   0.000|
result<6>   |   22.614(F)|mult9/resultParcial2_cmp_ge0000|   0.000|
result<7>   |   22.011(F)|mult9/resultParcial2_cmp_ge0000|   0.000|
result<8>   |   24.599(F)|mult9/resultParcial2_cmp_ge0000|   0.000|
result<9>   |   26.040(F)|mult9/resultParcial2_cmp_ge0000|   0.000|
result<10>  |   25.995(F)|mult9/resultParcial2_cmp_ge0000|   0.000|
result<11>  |   26.297(F)|mult9/resultParcial2_cmp_ge0000|   0.000|
result<12>  |   28.618(F)|mult9/resultParcial2_cmp_ge0000|   0.000|
result<13>  |   30.444(F)|mult9/resultParcial2_cmp_ge0000|   0.000|
result<14>  |   30.364(F)|mult9/resultParcial2_cmp_ge0000|   0.000|
result<15>  |   30.434(F)|mult9/resultParcial2_cmp_ge0000|   0.000|
------------+------------+-------------------------------+--------+

Clock numB<1> to Pad
------------+------------+-------------------------------+--------+
            | clk (edge) |                               | Clock  |
Destination |   to PAD   |Internal Clock(s)              | Phase  |
------------+------------+-------------------------------+--------+
result<4>   |   18.191(F)|mult9/resultParcial2_cmp_ge0000|   0.000|
result<5>   |   22.238(F)|mult9/resultParcial2_cmp_ge0000|   0.000|
result<6>   |   22.579(F)|mult9/resultParcial2_cmp_ge0000|   0.000|
result<7>   |   21.976(F)|mult9/resultParcial2_cmp_ge0000|   0.000|
result<8>   |   24.564(F)|mult9/resultParcial2_cmp_ge0000|   0.000|
result<9>   |   26.005(F)|mult9/resultParcial2_cmp_ge0000|   0.000|
result<10>  |   25.960(F)|mult9/resultParcial2_cmp_ge0000|   0.000|
result<11>  |   26.262(F)|mult9/resultParcial2_cmp_ge0000|   0.000|
result<12>  |   28.583(F)|mult9/resultParcial2_cmp_ge0000|   0.000|
result<13>  |   30.409(F)|mult9/resultParcial2_cmp_ge0000|   0.000|
result<14>  |   30.329(F)|mult9/resultParcial2_cmp_ge0000|   0.000|
result<15>  |   30.399(F)|mult9/resultParcial2_cmp_ge0000|   0.000|
------------+------------+-------------------------------+--------+

Clock numB<2> to Pad
------------+------------+-------------------------------+--------+
            | clk (edge) |                               | Clock  |
Destination |   to PAD   |Internal Clock(s)              | Phase  |
------------+------------+-------------------------------+--------+
result<4>   |   18.226(F)|mult9/resultParcial2_cmp_ge0000|   0.000|
result<5>   |   22.273(F)|mult9/resultParcial2_cmp_ge0000|   0.000|
result<6>   |   22.614(F)|mult9/resultParcial2_cmp_ge0000|   0.000|
result<7>   |   22.011(F)|mult9/resultParcial2_cmp_ge0000|   0.000|
result<8>   |   24.599(F)|mult9/resultParcial2_cmp_ge0000|   0.000|
result<9>   |   26.040(F)|mult9/resultParcial2_cmp_ge0000|   0.000|
result<10>  |   25.995(F)|mult9/resultParcial2_cmp_ge0000|   0.000|
result<11>  |   26.297(F)|mult9/resultParcial2_cmp_ge0000|   0.000|
result<12>  |   28.618(F)|mult9/resultParcial2_cmp_ge0000|   0.000|
result<13>  |   30.444(F)|mult9/resultParcial2_cmp_ge0000|   0.000|
result<14>  |   30.364(F)|mult9/resultParcial2_cmp_ge0000|   0.000|
result<15>  |   30.434(F)|mult9/resultParcial2_cmp_ge0000|   0.000|
------------+------------+-------------------------------+--------+

Clock numB<3> to Pad
------------+------------+-------------------------------+--------+
            | clk (edge) |                               | Clock  |
Destination |   to PAD   |Internal Clock(s)              | Phase  |
------------+------------+-------------------------------+--------+
result<4>   |   18.296(F)|mult9/resultParcial2_cmp_ge0000|   0.000|
result<5>   |   22.343(F)|mult9/resultParcial2_cmp_ge0000|   0.000|
result<6>   |   22.684(F)|mult9/resultParcial2_cmp_ge0000|   0.000|
result<7>   |   22.081(F)|mult9/resultParcial2_cmp_ge0000|   0.000|
result<8>   |   24.669(F)|mult9/resultParcial2_cmp_ge0000|   0.000|
result<9>   |   26.110(F)|mult9/resultParcial2_cmp_ge0000|   0.000|
result<10>  |   26.065(F)|mult9/resultParcial2_cmp_ge0000|   0.000|
result<11>  |   26.367(F)|mult9/resultParcial2_cmp_ge0000|   0.000|
result<12>  |   28.688(F)|mult9/resultParcial2_cmp_ge0000|   0.000|
result<13>  |   30.514(F)|mult9/resultParcial2_cmp_ge0000|   0.000|
result<14>  |   30.434(F)|mult9/resultParcial2_cmp_ge0000|   0.000|
result<15>  |   30.504(F)|mult9/resultParcial2_cmp_ge0000|   0.000|
------------+------------+-------------------------------+--------+

Clock numB<4> to Pad
------------+------------+--------------------------------+--------+
            | clk (edge) |                                | Clock  |
Destination |   to PAD   |Internal Clock(s)               | Phase  |
------------+------------+--------------------------------+--------+
result<0>   |   13.573(F)|mult10/resultParcial2_cmp_ge0000|   0.000|
result<1>   |   13.573(F)|mult10/resultParcial2_cmp_ge0000|   0.000|
result<2>   |   13.578(F)|mult10/resultParcial2_cmp_ge0000|   0.000|
result<3>   |   13.581(F)|mult10/resultParcial2_cmp_ge0000|   0.000|
result<4>   |   16.665(F)|mult10/resultParcial2_cmp_ge0000|   0.000|
result<5>   |   21.195(F)|mult10/resultParcial2_cmp_ge0000|   0.000|
result<6>   |   21.536(F)|mult10/resultParcial2_cmp_ge0000|   0.000|
result<7>   |   20.336(F)|mult10/resultParcial2_cmp_ge0000|   0.000|
result<8>   |   22.924(F)|mult10/resultParcial2_cmp_ge0000|   0.000|
result<9>   |   24.372(F)|mult10/resultParcial2_cmp_ge0000|   0.000|
result<10>  |   24.327(F)|mult10/resultParcial2_cmp_ge0000|   0.000|
result<11>  |   24.629(F)|mult10/resultParcial2_cmp_ge0000|   0.000|
result<12>  |   26.950(F)|mult10/resultParcial2_cmp_ge0000|   0.000|
result<13>  |   28.776(F)|mult10/resultParcial2_cmp_ge0000|   0.000|
result<14>  |   28.696(F)|mult10/resultParcial2_cmp_ge0000|   0.000|
result<15>  |   28.766(F)|mult10/resultParcial2_cmp_ge0000|   0.000|
------------+------------+--------------------------------+--------+

Clock numB<5> to Pad
------------+------------+--------------------------------+--------+
            | clk (edge) |                                | Clock  |
Destination |   to PAD   |Internal Clock(s)               | Phase  |
------------+------------+--------------------------------+--------+
result<0>   |   13.430(F)|mult10/resultParcial2_cmp_ge0000|   0.000|
result<1>   |   13.430(F)|mult10/resultParcial2_cmp_ge0000|   0.000|
result<2>   |   13.435(F)|mult10/resultParcial2_cmp_ge0000|   0.000|
result<3>   |   13.438(F)|mult10/resultParcial2_cmp_ge0000|   0.000|
result<4>   |   16.522(F)|mult10/resultParcial2_cmp_ge0000|   0.000|
result<5>   |   21.052(F)|mult10/resultParcial2_cmp_ge0000|   0.000|
result<6>   |   21.393(F)|mult10/resultParcial2_cmp_ge0000|   0.000|
result<7>   |   20.193(F)|mult10/resultParcial2_cmp_ge0000|   0.000|
result<8>   |   22.781(F)|mult10/resultParcial2_cmp_ge0000|   0.000|
result<9>   |   24.229(F)|mult10/resultParcial2_cmp_ge0000|   0.000|
result<10>  |   24.184(F)|mult10/resultParcial2_cmp_ge0000|   0.000|
result<11>  |   24.486(F)|mult10/resultParcial2_cmp_ge0000|   0.000|
result<12>  |   26.807(F)|mult10/resultParcial2_cmp_ge0000|   0.000|
result<13>  |   28.633(F)|mult10/resultParcial2_cmp_ge0000|   0.000|
result<14>  |   28.553(F)|mult10/resultParcial2_cmp_ge0000|   0.000|
result<15>  |   28.623(F)|mult10/resultParcial2_cmp_ge0000|   0.000|
------------+------------+--------------------------------+--------+

Clock numB<6> to Pad
------------+------------+--------------------------------+--------+
            | clk (edge) |                                | Clock  |
Destination |   to PAD   |Internal Clock(s)               | Phase  |
------------+------------+--------------------------------+--------+
result<0>   |   13.636(F)|mult10/resultParcial2_cmp_ge0000|   0.000|
result<1>   |   13.636(F)|mult10/resultParcial2_cmp_ge0000|   0.000|
result<2>   |   13.641(F)|mult10/resultParcial2_cmp_ge0000|   0.000|
result<3>   |   13.644(F)|mult10/resultParcial2_cmp_ge0000|   0.000|
result<4>   |   16.728(F)|mult10/resultParcial2_cmp_ge0000|   0.000|
result<5>   |   21.258(F)|mult10/resultParcial2_cmp_ge0000|   0.000|
result<6>   |   21.599(F)|mult10/resultParcial2_cmp_ge0000|   0.000|
result<7>   |   20.399(F)|mult10/resultParcial2_cmp_ge0000|   0.000|
result<8>   |   22.987(F)|mult10/resultParcial2_cmp_ge0000|   0.000|
result<9>   |   24.435(F)|mult10/resultParcial2_cmp_ge0000|   0.000|
result<10>  |   24.390(F)|mult10/resultParcial2_cmp_ge0000|   0.000|
result<11>  |   24.692(F)|mult10/resultParcial2_cmp_ge0000|   0.000|
result<12>  |   27.013(F)|mult10/resultParcial2_cmp_ge0000|   0.000|
result<13>  |   28.839(F)|mult10/resultParcial2_cmp_ge0000|   0.000|
result<14>  |   28.759(F)|mult10/resultParcial2_cmp_ge0000|   0.000|
result<15>  |   28.829(F)|mult10/resultParcial2_cmp_ge0000|   0.000|
------------+------------+--------------------------------+--------+

Clock numB<7> to Pad
------------+------------+--------------------------------+--------+
            | clk (edge) |                                | Clock  |
Destination |   to PAD   |Internal Clock(s)               | Phase  |
------------+------------+--------------------------------+--------+
result<0>   |   13.955(F)|mult10/resultParcial2_cmp_ge0000|   0.000|
result<1>   |   13.955(F)|mult10/resultParcial2_cmp_ge0000|   0.000|
result<2>   |   13.960(F)|mult10/resultParcial2_cmp_ge0000|   0.000|
result<3>   |   13.963(F)|mult10/resultParcial2_cmp_ge0000|   0.000|
result<4>   |   17.047(F)|mult10/resultParcial2_cmp_ge0000|   0.000|
result<5>   |   21.577(F)|mult10/resultParcial2_cmp_ge0000|   0.000|
result<6>   |   21.918(F)|mult10/resultParcial2_cmp_ge0000|   0.000|
result<7>   |   20.718(F)|mult10/resultParcial2_cmp_ge0000|   0.000|
result<8>   |   23.306(F)|mult10/resultParcial2_cmp_ge0000|   0.000|
result<9>   |   24.754(F)|mult10/resultParcial2_cmp_ge0000|   0.000|
result<10>  |   24.709(F)|mult10/resultParcial2_cmp_ge0000|   0.000|
result<11>  |   25.011(F)|mult10/resultParcial2_cmp_ge0000|   0.000|
result<12>  |   27.332(F)|mult10/resultParcial2_cmp_ge0000|   0.000|
result<13>  |   29.158(F)|mult10/resultParcial2_cmp_ge0000|   0.000|
result<14>  |   29.078(F)|mult10/resultParcial2_cmp_ge0000|   0.000|
result<15>  |   29.148(F)|mult10/resultParcial2_cmp_ge0000|   0.000|
------------+------------+--------------------------------+--------+

Clock numB<8> to Pad
------------+------------+--------------------------------+--------+
            | clk (edge) |                                | Clock  |
Destination |   to PAD   |Internal Clock(s)               | Phase  |
------------+------------+--------------------------------+--------+
result<8>   |   18.865(F)|mult11/resultParcial2_cmp_ge0000|   0.000|
result<9>   |   21.679(F)|mult11/resultParcial2_cmp_ge0000|   0.000|
result<10>  |   21.634(F)|mult11/resultParcial2_cmp_ge0000|   0.000|
result<11>  |   21.936(F)|mult11/resultParcial2_cmp_ge0000|   0.000|
result<12>  |   24.257(F)|mult11/resultParcial2_cmp_ge0000|   0.000|
result<13>  |   26.100(F)|mult11/resultParcial2_cmp_ge0000|   0.000|
result<14>  |   26.020(F)|mult11/resultParcial2_cmp_ge0000|   0.000|
result<15>  |   26.090(F)|mult11/resultParcial2_cmp_ge0000|   0.000|
------------+------------+--------------------------------+--------+

Clock numB<9> to Pad
------------+------------+--------------------------------+--------+
            | clk (edge) |                                | Clock  |
Destination |   to PAD   |Internal Clock(s)               | Phase  |
------------+------------+--------------------------------+--------+
result<8>   |   18.464(F)|mult11/resultParcial2_cmp_ge0000|   0.000|
result<9>   |   21.278(F)|mult11/resultParcial2_cmp_ge0000|   0.000|
result<10>  |   21.233(F)|mult11/resultParcial2_cmp_ge0000|   0.000|
result<11>  |   21.535(F)|mult11/resultParcial2_cmp_ge0000|   0.000|
result<12>  |   23.856(F)|mult11/resultParcial2_cmp_ge0000|   0.000|
result<13>  |   25.699(F)|mult11/resultParcial2_cmp_ge0000|   0.000|
result<14>  |   25.619(F)|mult11/resultParcial2_cmp_ge0000|   0.000|
result<15>  |   25.689(F)|mult11/resultParcial2_cmp_ge0000|   0.000|
------------+------------+--------------------------------+--------+

Clock numB<10> to Pad
------------+------------+--------------------------------+--------+
            | clk (edge) |                                | Clock  |
Destination |   to PAD   |Internal Clock(s)               | Phase  |
------------+------------+--------------------------------+--------+
result<8>   |   18.680(F)|mult11/resultParcial2_cmp_ge0000|   0.000|
result<9>   |   21.494(F)|mult11/resultParcial2_cmp_ge0000|   0.000|
result<10>  |   21.449(F)|mult11/resultParcial2_cmp_ge0000|   0.000|
result<11>  |   21.751(F)|mult11/resultParcial2_cmp_ge0000|   0.000|
result<12>  |   24.072(F)|mult11/resultParcial2_cmp_ge0000|   0.000|
result<13>  |   25.915(F)|mult11/resultParcial2_cmp_ge0000|   0.000|
result<14>  |   25.835(F)|mult11/resultParcial2_cmp_ge0000|   0.000|
result<15>  |   25.905(F)|mult11/resultParcial2_cmp_ge0000|   0.000|
------------+------------+--------------------------------+--------+

Clock numB<11> to Pad
------------+------------+--------------------------------+--------+
            | clk (edge) |                                | Clock  |
Destination |   to PAD   |Internal Clock(s)               | Phase  |
------------+------------+--------------------------------+--------+
result<8>   |   18.465(F)|mult11/resultParcial2_cmp_ge0000|   0.000|
result<9>   |   21.279(F)|mult11/resultParcial2_cmp_ge0000|   0.000|
result<10>  |   21.234(F)|mult11/resultParcial2_cmp_ge0000|   0.000|
result<11>  |   21.536(F)|mult11/resultParcial2_cmp_ge0000|   0.000|
result<12>  |   23.857(F)|mult11/resultParcial2_cmp_ge0000|   0.000|
result<13>  |   25.700(F)|mult11/resultParcial2_cmp_ge0000|   0.000|
result<14>  |   25.620(F)|mult11/resultParcial2_cmp_ge0000|   0.000|
result<15>  |   25.690(F)|mult11/resultParcial2_cmp_ge0000|   0.000|
------------+------------+--------------------------------+--------+

Clock numB<12> to Pad
------------+------------+--------------------------------+--------+
            | clk (edge) |                                | Clock  |
Destination |   to PAD   |Internal Clock(s)               | Phase  |
------------+------------+--------------------------------+--------+
result<12>  |   16.565(F)|mult16/resultParcial2_cmp_ge0000|   0.000|
result<13>  |   19.408(F)|mult16/resultParcial2_cmp_ge0000|   0.000|
result<14>  |   19.300(F)|mult16/resultParcial2_cmp_ge0000|   0.000|
result<15>  |   19.398(F)|mult16/resultParcial2_cmp_ge0000|   0.000|
result<16>  |   13.417(F)|mult16/resultParcial2_cmp_ge0000|   0.000|
result<17>  |   13.429(F)|mult16/resultParcial2_cmp_ge0000|   0.000|
result<18>  |   13.464(F)|mult16/resultParcial2_cmp_ge0000|   0.000|
result<19>  |   13.464(F)|mult16/resultParcial2_cmp_ge0000|   0.000|
------------+------------+--------------------------------+--------+

Clock numB<13> to Pad
------------+------------+--------------------------------+--------+
            | clk (edge) |                                | Clock  |
Destination |   to PAD   |Internal Clock(s)               | Phase  |
------------+------------+--------------------------------+--------+
result<12>  |   16.978(F)|mult16/resultParcial2_cmp_ge0000|   0.000|
result<13>  |   19.821(F)|mult16/resultParcial2_cmp_ge0000|   0.000|
result<14>  |   19.713(F)|mult16/resultParcial2_cmp_ge0000|   0.000|
result<15>  |   19.811(F)|mult16/resultParcial2_cmp_ge0000|   0.000|
result<16>  |   13.830(F)|mult16/resultParcial2_cmp_ge0000|   0.000|
result<17>  |   13.842(F)|mult16/resultParcial2_cmp_ge0000|   0.000|
result<18>  |   13.877(F)|mult16/resultParcial2_cmp_ge0000|   0.000|
result<19>  |   13.877(F)|mult16/resultParcial2_cmp_ge0000|   0.000|
------------+------------+--------------------------------+--------+

Clock numB<14> to Pad
------------+------------+--------------------------------+--------+
            | clk (edge) |                                | Clock  |
Destination |   to PAD   |Internal Clock(s)               | Phase  |
------------+------------+--------------------------------+--------+
result<12>  |   16.930(F)|mult16/resultParcial2_cmp_ge0000|   0.000|
result<13>  |   19.773(F)|mult16/resultParcial2_cmp_ge0000|   0.000|
result<14>  |   19.665(F)|mult16/resultParcial2_cmp_ge0000|   0.000|
result<15>  |   19.763(F)|mult16/resultParcial2_cmp_ge0000|   0.000|
result<16>  |   13.782(F)|mult16/resultParcial2_cmp_ge0000|   0.000|
result<17>  |   13.794(F)|mult16/resultParcial2_cmp_ge0000|   0.000|
result<18>  |   13.829(F)|mult16/resultParcial2_cmp_ge0000|   0.000|
result<19>  |   13.829(F)|mult16/resultParcial2_cmp_ge0000|   0.000|
------------+------------+--------------------------------+--------+

Clock numB<15> to Pad
------------+------------+--------------------------------+--------+
            | clk (edge) |                                | Clock  |
Destination |   to PAD   |Internal Clock(s)               | Phase  |
------------+------------+--------------------------------+--------+
result<12>  |   16.565(F)|mult16/resultParcial2_cmp_ge0000|   0.000|
result<13>  |   19.408(F)|mult16/resultParcial2_cmp_ge0000|   0.000|
result<14>  |   19.300(F)|mult16/resultParcial2_cmp_ge0000|   0.000|
result<15>  |   19.398(F)|mult16/resultParcial2_cmp_ge0000|   0.000|
result<16>  |   13.417(F)|mult16/resultParcial2_cmp_ge0000|   0.000|
result<17>  |   13.429(F)|mult16/resultParcial2_cmp_ge0000|   0.000|
result<18>  |   13.464(F)|mult16/resultParcial2_cmp_ge0000|   0.000|
result<19>  |   13.464(F)|mult16/resultParcial2_cmp_ge0000|   0.000|
------------+------------+--------------------------------+--------+

Clock to Setup on destination clock numA<12>
---------------+---------+---------+---------+---------+
               | Src:Rise| Src:Fall| Src:Rise| Src:Fall|
Source Clock   |Dest:Rise|Dest:Rise|Dest:Fall|Dest:Fall|
---------------+---------+---------+---------+---------+
numA<12>       |         |         |   11.154|   11.154|
numA<13>       |         |         |   11.389|   11.389|
numA<14>       |         |         |   10.977|   10.977|
numA<15>       |         |         |   10.764|   10.764|
numB<0>        |         |         |    9.017|    9.017|
numB<1>        |         |         |    8.982|    8.982|
numB<2>        |         |         |    9.017|    9.017|
numB<3>        |         |         |    9.087|    9.087|
numB<4>        |         |         |    9.867|    9.867|
numB<5>        |         |         |    9.724|    9.724|
numB<6>        |         |         |    9.930|    9.930|
numB<7>        |         |         |   10.249|   10.249|
numB<8>        |         |         |    8.882|    8.882|
numB<9>        |         |         |    8.481|    8.481|
numB<10>       |         |         |    8.697|    8.697|
numB<11>       |         |         |    8.482|    8.482|
numB<12>       |         |         |   10.414|   10.414|
numB<13>       |         |         |   10.827|   10.827|
numB<14>       |         |         |   10.114|   10.114|
numB<15>       |         |         |    9.749|    9.749|
---------------+---------+---------+---------+---------+

Clock to Setup on destination clock numA<13>
---------------+---------+---------+---------+---------+
               | Src:Rise| Src:Fall| Src:Rise| Src:Fall|
Source Clock   |Dest:Rise|Dest:Rise|Dest:Fall|Dest:Fall|
---------------+---------+---------+---------+---------+
numA<12>       |         |         |   10.966|   10.966|
numA<13>       |         |         |   11.201|   11.201|
numA<14>       |         |         |   11.026|   11.026|
numA<15>       |         |         |   10.847|   10.847|
numB<0>        |         |         |    9.490|    9.490|
numB<1>        |         |         |    9.455|    9.455|
numB<2>        |         |         |    9.490|    9.490|
numB<3>        |         |         |    9.560|    9.560|
numB<4>        |         |         |    9.916|    9.916|
numB<5>        |         |         |    9.773|    9.773|
numB<6>        |         |         |    9.979|    9.979|
numB<7>        |         |         |   10.298|   10.298|
numB<8>        |         |         |    8.952|    8.952|
numB<9>        |         |         |    8.551|    8.551|
numB<10>       |         |         |    8.767|    8.767|
numB<11>       |         |         |    8.552|    8.552|
numB<12>       |         |         |   10.226|   10.226|
numB<13>       |         |         |   10.639|   10.639|
numB<14>       |         |         |    9.926|    9.926|
numB<15>       |         |         |    9.561|    9.561|
---------------+---------+---------+---------+---------+

Clock to Setup on destination clock numA<14>
---------------+---------+---------+---------+---------+
               | Src:Rise| Src:Fall| Src:Rise| Src:Fall|
Source Clock   |Dest:Rise|Dest:Rise|Dest:Fall|Dest:Fall|
---------------+---------+---------+---------+---------+
numA<12>       |         |         |   11.307|   11.307|
numA<13>       |         |         |   11.542|   11.542|
numA<14>       |         |         |   10.451|   10.451|
numA<15>       |         |         |   10.670|   10.670|
numB<0>        |         |         |    8.608|    8.608|
numB<1>        |         |         |    8.573|    8.573|
numB<2>        |         |         |    8.608|    8.608|
numB<3>        |         |         |    8.678|    8.678|
numB<4>        |         |         |    9.309|    9.309|
numB<5>        |         |         |    9.166|    9.166|
numB<6>        |         |         |    9.372|    9.372|
numB<7>        |         |         |    9.691|    9.691|
numB<8>        |         |         |    9.246|    9.246|
numB<9>        |         |         |    8.845|    8.845|
numB<10>       |         |         |    9.061|    9.061|
numB<11>       |         |         |    8.846|    8.846|
numB<12>       |         |         |   10.567|   10.567|
numB<13>       |         |         |   10.980|   10.980|
numB<14>       |         |         |   10.267|   10.267|
numB<15>       |         |         |    9.902|    9.902|
---------------+---------+---------+---------+---------+

Clock to Setup on destination clock numA<15>
---------------+---------+---------+---------+---------+
               | Src:Rise| Src:Fall| Src:Rise| Src:Fall|
Source Clock   |Dest:Rise|Dest:Rise|Dest:Fall|Dest:Fall|
---------------+---------+---------+---------+---------+
numA<12>       |         |         |   11.131|   11.131|
numA<13>       |         |         |   11.366|   11.366|
numA<14>       |         |         |   10.589|   10.589|
numA<15>       |         |         |   10.494|   10.494|
numB<0>        |         |         |    8.632|    8.632|
numB<1>        |         |         |    8.597|    8.597|
numB<2>        |         |         |    8.632|    8.632|
numB<3>        |         |         |    8.702|    8.702|
numB<4>        |         |         |    9.479|    9.479|
numB<5>        |         |         |    9.336|    9.336|
numB<6>        |         |         |    9.542|    9.542|
numB<7>        |         |         |    9.861|    9.861|
numB<8>        |         |         |    9.267|    9.267|
numB<9>        |         |         |    8.866|    8.866|
numB<10>       |         |         |    9.082|    9.082|
numB<11>       |         |         |    8.867|    8.867|
numB<12>       |         |         |   10.391|   10.391|
numB<13>       |         |         |   10.804|   10.804|
numB<14>       |         |         |   10.091|   10.091|
numB<15>       |         |         |    9.726|    9.726|
---------------+---------+---------+---------+---------+

Clock to Setup on destination clock numB<0>
---------------+---------+---------+---------+---------+
               | Src:Rise| Src:Fall| Src:Rise| Src:Fall|
Source Clock   |Dest:Rise|Dest:Rise|Dest:Fall|Dest:Fall|
---------------+---------+---------+---------+---------+
numA<12>       |         |         |   10.593|   10.593|
numA<13>       |         |         |   10.001|   10.001|
numA<14>       |         |         |   11.105|   11.105|
numA<15>       |         |         |   11.074|   11.074|
numB<0>        |         |         |    9.717|    9.717|
numB<1>        |         |         |    9.682|    9.682|
numB<2>        |         |         |    9.717|    9.717|
numB<3>        |         |         |    9.787|    9.787|
---------------+---------+---------+---------+---------+

Clock to Setup on destination clock numB<1>
---------------+---------+---------+---------+---------+
               | Src:Rise| Src:Fall| Src:Rise| Src:Fall|
Source Clock   |Dest:Rise|Dest:Rise|Dest:Fall|Dest:Fall|
---------------+---------+---------+---------+---------+
numA<12>       |         |         |   10.621|   10.621|
numA<13>       |         |         |   10.029|   10.029|
numA<14>       |         |         |   11.133|   11.133|
numA<15>       |         |         |   11.102|   11.102|
numB<0>        |         |         |    9.745|    9.745|
numB<1>        |         |         |    9.710|    9.710|
numB<2>        |         |         |    9.745|    9.745|
numB<3>        |         |         |    9.815|    9.815|
---------------+---------+---------+---------+---------+

Clock to Setup on destination clock numB<2>
---------------+---------+---------+---------+---------+
               | Src:Rise| Src:Fall| Src:Rise| Src:Fall|
Source Clock   |Dest:Rise|Dest:Rise|Dest:Fall|Dest:Fall|
---------------+---------+---------+---------+---------+
numA<12>       |         |         |   10.593|   10.593|
numA<13>       |         |         |   10.001|   10.001|
numA<14>       |         |         |   11.105|   11.105|
numA<15>       |         |         |   11.074|   11.074|
numB<0>        |         |         |    9.717|    9.717|
numB<1>        |         |         |    9.682|    9.682|
numB<2>        |         |         |    9.717|    9.717|
numB<3>        |         |         |    9.787|    9.787|
---------------+---------+---------+---------+---------+

Clock to Setup on destination clock numB<3>
---------------+---------+---------+---------+---------+
               | Src:Rise| Src:Fall| Src:Rise| Src:Fall|
Source Clock   |Dest:Rise|Dest:Rise|Dest:Fall|Dest:Fall|
---------------+---------+---------+---------+---------+
numA<12>       |         |         |   10.537|   10.537|
numA<13>       |         |         |    9.945|    9.945|
numA<14>       |         |         |   11.049|   11.049|
numA<15>       |         |         |   11.018|   11.018|
numB<0>        |         |         |    9.661|    9.661|
numB<1>        |         |         |    9.626|    9.626|
numB<2>        |         |         |    9.661|    9.661|
numB<3>        |         |         |    9.731|    9.731|
---------------+---------+---------+---------+---------+

Clock to Setup on destination clock numB<4>
---------------+---------+---------+---------+---------+
               | Src:Rise| Src:Fall| Src:Rise| Src:Fall|
Source Clock   |Dest:Rise|Dest:Rise|Dest:Fall|Dest:Fall|
---------------+---------+---------+---------+---------+
numA<12>       |         |         |   10.609|   10.609|
numA<13>       |         |         |   10.547|   10.547|
numA<14>       |         |         |   11.307|   11.307|
numA<15>       |         |         |   11.094|   11.094|
numB<4>        |         |         |   10.197|   10.197|
numB<5>        |         |         |   10.054|   10.054|
numB<6>        |         |         |   10.260|   10.260|
numB<7>        |         |         |   10.579|   10.579|
---------------+---------+---------+---------+---------+

Clock to Setup on destination clock numB<5>
---------------+---------+---------+---------+---------+
               | Src:Rise| Src:Fall| Src:Rise| Src:Fall|
Source Clock   |Dest:Rise|Dest:Rise|Dest:Fall|Dest:Fall|
---------------+---------+---------+---------+---------+
numA<12>       |         |         |   10.723|   10.723|
numA<13>       |         |         |   10.661|   10.661|
numA<14>       |         |         |   11.421|   11.421|
numA<15>       |         |         |   11.208|   11.208|
numB<4>        |         |         |   10.311|   10.311|
numB<5>        |         |         |   10.168|   10.168|
numB<6>        |         |         |   10.374|   10.374|
numB<7>        |         |         |   10.693|   10.693|
---------------+---------+---------+---------+---------+

Clock to Setup on destination clock numB<6>
---------------+---------+---------+---------+---------+
               | Src:Rise| Src:Fall| Src:Rise| Src:Fall|
Source Clock   |Dest:Rise|Dest:Rise|Dest:Fall|Dest:Fall|
---------------+---------+---------+---------+---------+
numA<12>       |         |         |   10.558|   10.558|
numA<13>       |         |         |   10.496|   10.496|
numA<14>       |         |         |   11.256|   11.256|
numA<15>       |         |         |   11.043|   11.043|
numB<4>        |         |         |   10.146|   10.146|
numB<5>        |         |         |   10.003|   10.003|
numB<6>        |         |         |   10.209|   10.209|
numB<7>        |         |         |   10.528|   10.528|
---------------+---------+---------+---------+---------+

Clock to Setup on destination clock numB<7>
---------------+---------+---------+---------+---------+
               | Src:Rise| Src:Fall| Src:Rise| Src:Fall|
Source Clock   |Dest:Rise|Dest:Rise|Dest:Fall|Dest:Fall|
---------------+---------+---------+---------+---------+
numA<12>       |         |         |   10.303|   10.303|
numA<13>       |         |         |   10.241|   10.241|
numA<14>       |         |         |   11.001|   11.001|
numA<15>       |         |         |   10.788|   10.788|
numB<4>        |         |         |    9.891|    9.891|
numB<5>        |         |         |    9.748|    9.748|
numB<6>        |         |         |    9.954|    9.954|
numB<7>        |         |         |   10.273|   10.273|
---------------+---------+---------+---------+---------+

Clock to Setup on destination clock numB<8>
---------------+---------+---------+---------+---------+
               | Src:Rise| Src:Fall| Src:Rise| Src:Fall|
Source Clock   |Dest:Rise|Dest:Rise|Dest:Fall|Dest:Fall|
---------------+---------+---------+---------+---------+
numA<12>       |         |         |    8.936|    8.936|
numA<13>       |         |         |    8.848|    8.848|
numA<14>       |         |         |    8.482|    8.482|
numA<15>       |         |         |    8.455|    8.455|
numB<8>        |         |         |    8.906|    8.906|
numB<9>        |         |         |    8.505|    8.505|
numB<10>       |         |         |    8.721|    8.721|
numB<11>       |         |         |    8.506|    8.506|
---------------+---------+---------+---------+---------+

Clock to Setup on destination clock numB<9>
---------------+---------+---------+---------+---------+
               | Src:Rise| Src:Fall| Src:Rise| Src:Fall|
Source Clock   |Dest:Rise|Dest:Rise|Dest:Fall|Dest:Fall|
---------------+---------+---------+---------+---------+
numA<12>       |         |         |    9.257|    9.257|
numA<13>       |         |         |    9.169|    9.169|
numA<14>       |         |         |    8.803|    8.803|
numA<15>       |         |         |    8.776|    8.776|
numB<8>        |         |         |    9.227|    9.227|
numB<9>        |         |         |    8.826|    8.826|
numB<10>       |         |         |    9.042|    9.042|
numB<11>       |         |         |    8.827|    8.827|
---------------+---------+---------+---------+---------+

Clock to Setup on destination clock numB<10>
---------------+---------+---------+---------+---------+
               | Src:Rise| Src:Fall| Src:Rise| Src:Fall|
Source Clock   |Dest:Rise|Dest:Rise|Dest:Fall|Dest:Fall|
---------------+---------+---------+---------+---------+
numA<12>       |         |         |    9.084|    9.084|
numA<13>       |         |         |    8.996|    8.996|
numA<14>       |         |         |    8.630|    8.630|
numA<15>       |         |         |    8.603|    8.603|
numB<8>        |         |         |    9.054|    9.054|
numB<9>        |         |         |    8.653|    8.653|
numB<10>       |         |         |    8.869|    8.869|
numB<11>       |         |         |    8.654|    8.654|
---------------+---------+---------+---------+---------+

Clock to Setup on destination clock numB<11>
---------------+---------+---------+---------+---------+
               | Src:Rise| Src:Fall| Src:Rise| Src:Fall|
Source Clock   |Dest:Rise|Dest:Rise|Dest:Fall|Dest:Fall|
---------------+---------+---------+---------+---------+
numA<12>       |         |         |    9.256|    9.256|
numA<13>       |         |         |    9.168|    9.168|
numA<14>       |         |         |    8.802|    8.802|
numA<15>       |         |         |    8.775|    8.775|
numB<8>        |         |         |    9.226|    9.226|
numB<9>        |         |         |    8.825|    8.825|
numB<10>       |         |         |    9.041|    9.041|
numB<11>       |         |         |    8.826|    8.826|
---------------+---------+---------+---------+---------+

Clock to Setup on destination clock numB<12>
---------------+---------+---------+---------+---------+
               | Src:Rise| Src:Fall| Src:Rise| Src:Fall|
Source Clock   |Dest:Rise|Dest:Rise|Dest:Fall|Dest:Fall|
---------------+---------+---------+---------+---------+
numA<12>       |         |         |   11.746|   11.746|
numA<13>       |         |         |   11.981|   11.981|
numA<14>       |         |         |   10.890|   10.890|
numA<15>       |         |         |   11.109|   11.109|
numB<12>       |         |         |   11.006|   11.006|
numB<13>       |         |         |   11.419|   11.419|
numB<14>       |         |         |   10.706|   10.706|
numB<15>       |         |         |   10.341|   10.341|
---------------+---------+---------+---------+---------+

Clock to Setup on destination clock numB<13>
---------------+---------+---------+---------+---------+
               | Src:Rise| Src:Fall| Src:Rise| Src:Fall|
Source Clock   |Dest:Rise|Dest:Rise|Dest:Fall|Dest:Fall|
---------------+---------+---------+---------+---------+
numA<12>       |         |         |   11.416|   11.416|
numA<13>       |         |         |   11.651|   11.651|
numA<14>       |         |         |   10.560|   10.560|
numA<15>       |         |         |   10.779|   10.779|
numB<12>       |         |         |   10.676|   10.676|
numB<13>       |         |         |   11.089|   11.089|
numB<14>       |         |         |   10.376|   10.376|
numB<15>       |         |         |   10.011|   10.011|
---------------+---------+---------+---------+---------+

Clock to Setup on destination clock numB<14>
---------------+---------+---------+---------+---------+
               | Src:Rise| Src:Fall| Src:Rise| Src:Fall|
Source Clock   |Dest:Rise|Dest:Rise|Dest:Fall|Dest:Fall|
---------------+---------+---------+---------+---------+
numA<12>       |         |         |   11.454|   11.454|
numA<13>       |         |         |   11.689|   11.689|
numA<14>       |         |         |   10.598|   10.598|
numA<15>       |         |         |   10.817|   10.817|
numB<12>       |         |         |   10.714|   10.714|
numB<13>       |         |         |   11.127|   11.127|
numB<14>       |         |         |   10.414|   10.414|
numB<15>       |         |         |   10.049|   10.049|
---------------+---------+---------+---------+---------+

Clock to Setup on destination clock numB<15>
---------------+---------+---------+---------+---------+
               | Src:Rise| Src:Fall| Src:Rise| Src:Fall|
Source Clock   |Dest:Rise|Dest:Rise|Dest:Fall|Dest:Fall|
---------------+---------+---------+---------+---------+
numA<12>       |         |         |   11.746|   11.746|
numA<13>       |         |         |   11.981|   11.981|
numA<14>       |         |         |   10.890|   10.890|
numA<15>       |         |         |   11.109|   11.109|
numB<12>       |         |         |   11.006|   11.006|
numB<13>       |         |         |   11.419|   11.419|
numB<14>       |         |         |   10.706|   10.706|
numB<15>       |         |         |   10.341|   10.341|
---------------+---------+---------+---------+---------+


Analysis completed Fri Nov 30 14:30:39 2018 
--------------------------------------------------------------------------------

Trace Settings:
-------------------------
Trace Settings 

Peak Memory Usage: 368 MB



