Release 14.7 - xst P.20131013 (lin64)
Copyright (c) 1995-2013 Xilinx, Inc.  All rights reserved.
--> 
Parameter TMPDIR set to xst/projnav.tmp


Total REAL time to Xst completion: 0.00 secs
Total CPU time to Xst completion: 0.05 secs
 
--> 
Parameter xsthdpdir set to xst


Total REAL time to Xst completion: 0.00 secs
Total CPU time to Xst completion: 0.05 secs
 
--> 
Reading design: SomaCompleta.prj

TABLE OF CONTENTS
  1) Synthesis Options Summary
  2) HDL Compilation
  3) Design Hierarchy Analysis
  4) HDL Analysis
  5) HDL Synthesis
     5.1) HDL Synthesis Report
  6) Advanced HDL Synthesis
     6.1) Advanced HDL Synthesis Report
  7) Low Level Synthesis
  8) Partition Report
  9) Final Report
	9.1) Device utilization summary
	9.2) Partition Resource Summary
	9.3) TIMING REPORT


=========================================================================
*                      Synthesis Options Summary                        *
=========================================================================
---- Source Parameters
Input File Name                    : "SomaCompleta.prj"
Input Format                       : mixed
Ignore Synthesis Constraint File   : NO

---- Target Parameters
Output File Name                   : "SomaCompleta"
Output Format                      : NGC
Target Device                      : xc3s700an-4-fgg484

---- Source Options
Top Module Name                    : SomaCompleta
Automatic FSM Extraction           : YES
FSM Encoding Algorithm             : Auto
Safe Implementation                : No
FSM Style                          : LUT
RAM Extraction                     : Yes
RAM Style                          : Auto
ROM Extraction                     : Yes
Mux Style                          : Auto
Decoder Extraction                 : YES
Priority Encoder Extraction        : Yes
Shift Register Extraction          : YES
Logical Shifter Extraction         : YES
XOR Collapsing                     : YES
ROM Style                          : Auto
Mux Extraction                     : Yes
Resource Sharing                   : YES
Asynchronous To Synchronous        : NO
Multiplier Style                   : Auto
Automatic Register Balancing       : No

---- Target Options
Add IO Buffers                     : YES
Global Maximum Fanout              : 100000
Add Generic Clock Buffer(BUFG)     : 24
Register Duplication               : YES
Slice Packing                      : YES
Optimize Instantiated Primitives   : NO
Use Clock Enable                   : Yes
Use Synchronous Set                : Yes
Use Synchronous Reset              : Yes
Pack IO Registers into IOBs        : Auto
Equivalent register Removal        : YES

---- General Options
Optimization Goal                  : Speed
Optimization Effort                : 1
Keep Hierarchy                     : No
Netlist Hierarchy                  : As_Optimized
RTL Output                         : Yes
Global Optimization                : AllClockNets
Read Cores                         : YES
Write Timing Constraints           : NO
Cross Clock Analysis               : NO
Hierarchy Separator                : /
Bus Delimiter                      : <>
Case Specifier                     : Maintain
Slice Utilization Ratio            : 100
BRAM Utilization Ratio             : 100
Verilog 2001                       : YES
Auto BRAM Packing                  : NO
Slice Utilization Ratio Delta      : 5

=========================================================================


=========================================================================
*                          HDL Compilation                              *
=========================================================================
Compiling vhdl file "/home/juan/Documents/SD_trabalho2/Trabalho2_SD/Calculadora/Soma4Alg.vhd" in Library work.
Entity <soma4alg> compiled.
Entity <soma4alg> (Architecture <soma4algarch>) compiled.
Compiling vhdl file "/home/juan/Documents/SD_trabalho2/Trabalho2_SD/Calculadora/SomaCompleta.vhd" in Library work.
Entity <somacompleta> compiled.
Entity <somacompleta> (Architecture <somacompletaarch>) compiled.

=========================================================================
*                     Design Hierarchy Analysis                         *
=========================================================================
Analyzing hierarchy for entity <SomaCompleta> in library <work> (architecture <somacompletaarch>).

Analyzing hierarchy for entity <Soma4Alg> in library <work> (architecture <soma4algarch>).


=========================================================================
*                            HDL Analysis                               *
=========================================================================
Analyzing Entity <SomaCompleta> in library <work> (Architecture <somacompletaarch>).
Entity <SomaCompleta> analyzed. Unit <SomaCompleta> generated.

Analyzing Entity <Soma4Alg> in library <work> (Architecture <soma4algarch>).
WARNING:Xst:819 - "/home/juan/Documents/SD_trabalho2/Trabalho2_SD/Calculadora/Soma4Alg.vhd" line 61: One or more signals are missing in the process sensitivity list. To enable synthesis of FPGA/CPLD hardware, XST will assume that all necessary signals are present in the sensitivity list. Please note that the result of the synthesis may differ from the initial design specification. The missing signals are:
   <seis>
Entity <Soma4Alg> analyzed. Unit <Soma4Alg> generated.


=========================================================================
*                           HDL Synthesis                               *
=========================================================================

Performing bidirectional port resolution...

Synthesizing Unit <Soma4Alg>.
    Related source file is "/home/juan/Documents/SD_trabalho2/Trabalho2_SD/Calculadora/Soma4Alg.vhd".
WARNING:Xst:653 - Signal <seis> is used but never assigned. This sourceless signal will be automatically connected to value 00110.
    Found 5-bit adder carry in for signal <resultParcial>.
    Found 5-bit adder for signal <resultParcial2$addsub0000> created at line 66.
    Found 5-bit comparator greatequal for signal <resultParcial2$cmp_ge0000> created at line 65.
    Summary:
	inferred   2 Adder/Subtractor(s).
	inferred   1 Comparator(s).
Unit <Soma4Alg> synthesized.


Synthesizing Unit <SomaCompleta>.
    Related source file is "/home/juan/Documents/SD_trabalho2/Trabalho2_SD/Calculadora/SomaCompleta.vhd".
WARNING:Xst:1306 - Output <result<19:17>> is never assigned.
WARNING:Xst:1780 - Signal <resultParcial<19:16>> is never used or assigned. This unconnected signal will be trimmed during the optimization process.
WARNING:Xst:653 - Signal <carryIn1<0>> is used but never assigned. This sourceless signal will be automatically connected to value 0.
Unit <SomaCompleta> synthesized.


=========================================================================
HDL Synthesis Report

Macro Statistics
# Adders/Subtractors                                   : 8
 5-bit adder                                           : 4
 5-bit adder carry in                                  : 4
# Comparators                                          : 4
 5-bit comparator greatequal                           : 4

=========================================================================

=========================================================================
*                       Advanced HDL Synthesis                          *
=========================================================================


=========================================================================
Advanced HDL Synthesis Report

Macro Statistics
# Adders/Subtractors                                   : 8
 5-bit adder                                           : 4
 5-bit adder carry in                                  : 4
# Comparators                                          : 4
 5-bit comparator greatequal                           : 4

=========================================================================

=========================================================================
*                         Low Level Synthesis                           *
=========================================================================

Optimizing unit <SomaCompleta> ...

Optimizing unit <Soma4Alg> ...

Mapping all equations...
Building and optimizing final netlist ...
Found area constraint ratio of 100 (+ 5) on block SomaCompleta, actual ratio is 0.

Final Macro Processing ...

=========================================================================
Final Register Report

Found no macro
=========================================================================

=========================================================================
*                           Partition Report                            *
=========================================================================

Partition Implementation Status
-------------------------------

  No Partitions were found in this design.

-------------------------------

=========================================================================
*                            Final Report                               *
=========================================================================
Final Results
RTL Top Level Output File Name     : SomaCompleta.ngr
Top Level Output File Name         : SomaCompleta
Output Format                      : NGC
Optimization Goal                  : Speed
Keep Hierarchy                     : No

Design Statistics
# IOs                              : 52

Cell Usage :
# BELS                             : 65
#      GND                         : 1
#      LUT2                        : 16
#      LUT4                        : 16
#      MUXCY                       : 16
#      XORCY                       : 16
# IO Buffers                       : 49
#      IBUF                        : 32
#      OBUF                        : 17
=========================================================================

Device utilization summary:
---------------------------

Selected Device : 3s700anfgg484-4 

 Number of Slices:                       17  out of   5888     0%  
 Number of 4 input LUTs:                 32  out of  11776     0%  
 Number of IOs:                          52
 Number of bonded IOBs:                  49  out of    372    13%  

---------------------------
Partition Resource Summary:
---------------------------

  No Partitions were found in this design.

---------------------------


=========================================================================
TIMING REPORT

NOTE: THESE TIMING NUMBERS ARE ONLY A SYNTHESIS ESTIMATE.
      FOR ACCURATE TIMING INFORMATION PLEASE REFER TO THE TRACE REPORT
      GENERATED AFTER PLACE-and-ROUTE.

Clock Information:
------------------
No clock signals found in this design

Asynchronous Control Signals Information:
----------------------------------------
No asynchronous control signals found in this design

Timing Summary:
---------------
Speed Grade: -4

   Minimum period: No path found
   Minimum input arrival time before clock: No path found
   Maximum output required time after clock: No path found
   Maximum combinational path delay: 18.495ns

Timing Detail:
--------------
All values displayed in nanoseconds (ns)

=========================================================================
Timing constraint: Default path analysis
  Total number of paths / destination ports: 16136 / 17
-------------------------------------------------------------------------
Delay:               18.495ns (Levels of Logic = 23)
  Source:            numA<0> (PAD)
  Destination:       result<16> (PAD)

  Data Path: numA<0> to result<16>
                                Gate     Net
    Cell:in->out      fanout   Delay   Delay  Logical Name (Net Name)
    ----------------------------------------  ------------
     IBUF:I->O             1   0.849   0.563  numA_0_IBUF (numA_0_IBUF)
     LUT2:I0->O            1   0.648   0.000  soma1/Madd_resultParcial_lut<0> (soma1/Madd_resultParcial_lut<0>)
     MUXCY:S->O            1   0.632   0.000  soma1/Madd_resultParcial_cy<0> (soma1/Madd_resultParcial_cy<0>)
     MUXCY:CI->O           1   0.065   0.000  soma1/Madd_resultParcial_cy<1> (soma1/Madd_resultParcial_cy<1>)
     MUXCY:CI->O           1   0.065   0.000  soma1/Madd_resultParcial_cy<2> (soma1/Madd_resultParcial_cy<2>)
     XORCY:CI->O           4   0.844   0.730  soma1/Madd_resultParcial_xor<3> (soma1/Madd_resultParcial2_addsub0000_lut<3>)
     LUT4:I0->O            1   0.648   0.420  soma1/resultParcial2<4>1 (carryOut1)
     MUXCY:CI->O           1   0.065   0.000  soma2/Madd_resultParcial_cy<0> (soma2/Madd_resultParcial_cy<0>)
     MUXCY:CI->O           1   0.065   0.000  soma2/Madd_resultParcial_cy<1> (soma2/Madd_resultParcial_cy<1>)
     MUXCY:CI->O           1   0.065   0.000  soma2/Madd_resultParcial_cy<2> (soma2/Madd_resultParcial_cy<2>)
     XORCY:CI->O           4   0.844   0.730  soma2/Madd_resultParcial_xor<3> (soma2/Madd_resultParcial2_addsub0000_lut<3>)
     LUT4:I0->O            1   0.648   0.420  soma2/resultParcial2<4>1 (carryOut2)
     MUXCY:CI->O           1   0.065   0.000  soma3/Madd_resultParcial_cy<0> (soma3/Madd_resultParcial_cy<0>)
     MUXCY:CI->O           1   0.065   0.000  soma3/Madd_resultParcial_cy<1> (soma3/Madd_resultParcial_cy<1>)
     MUXCY:CI->O           1   0.065   0.000  soma3/Madd_resultParcial_cy<2> (soma3/Madd_resultParcial_cy<2>)
     XORCY:CI->O           4   0.844   0.730  soma3/Madd_resultParcial_xor<3> (soma3/Madd_resultParcial2_addsub0000_lut<3>)
     LUT4:I0->O            1   0.648   0.420  soma3/resultParcial2<4>1 (carryOut3)
     MUXCY:CI->O           1   0.065   0.000  soma4/Madd_resultParcial_cy<0> (soma4/Madd_resultParcial_cy<0>)
     MUXCY:CI->O           1   0.065   0.000  soma4/Madd_resultParcial_cy<1> (soma4/Madd_resultParcial_cy<1>)
     MUXCY:CI->O           1   0.065   0.000  soma4/Madd_resultParcial_cy<2> (soma4/Madd_resultParcial_cy<2>)
     XORCY:CI->O           4   0.844   0.730  soma4/Madd_resultParcial_xor<3> (soma4/Madd_resultParcial2_addsub0000_lut<3>)
     LUT4:I0->O            1   0.648   0.420  soma4/resultParcial2<3>1 (result_15_OBUF)
     OBUF:I->O                 4.520          result_15_OBUF (result<15>)
    ----------------------------------------
    Total                     18.495ns (13.332ns logic, 5.163ns route)
                                       (72.1% logic, 27.9% route)

=========================================================================


Total REAL time to Xst completion: 4.00 secs
Total CPU time to Xst completion: 3.97 secs
 
--> 


Total memory usage is 501220 kilobytes

Number of errors   :    0 (   0 filtered)
Number of warnings :    5 (   0 filtered)
Number of infos    :    0 (   0 filtered)

