Release 14.7 - xst P.20131013 (lin64)
Copyright (c) 1995-2013 Xilinx, Inc.  All rights reserved.
--> 
Parameter TMPDIR set to xst/projnav.tmp


Total REAL time to Xst completion: 0.00 secs
Total CPU time to Xst completion: 0.08 secs
 
--> 
Parameter xsthdpdir set to xst


Total REAL time to Xst completion: 0.00 secs
Total CPU time to Xst completion: 0.08 secs
 
--> 
Reading design: Somador1Alg.prj

TABLE OF CONTENTS
  1) Synthesis Options Summary
  2) HDL Compilation
  3) Design Hierarchy Analysis
  4) HDL Analysis
  5) HDL Synthesis
     5.1) HDL Synthesis Report
  6) Advanced HDL Synthesis
     6.1) Advanced HDL Synthesis Report
  7) Low Level Synthesis
  8) Partition Report
  9) Final Report
	9.1) Device utilization summary
	9.2) Partition Resource Summary
	9.3) TIMING REPORT


=========================================================================
*                      Synthesis Options Summary                        *
=========================================================================
---- Source Parameters
Input File Name                    : "Somador1Alg.prj"
Input Format                       : mixed
Ignore Synthesis Constraint File   : NO

---- Target Parameters
Output File Name                   : "Somador1Alg"
Output Format                      : NGC
Target Device                      : xc3s700an-4-fgg484

---- Source Options
Top Module Name                    : Somador1Alg
Automatic FSM Extraction           : YES
FSM Encoding Algorithm             : Auto
Safe Implementation                : No
FSM Style                          : LUT
RAM Extraction                     : Yes
RAM Style                          : Auto
ROM Extraction                     : Yes
Mux Style                          : Auto
Decoder Extraction                 : YES
Priority Encoder Extraction        : Yes
Shift Register Extraction          : YES
Logical Shifter Extraction         : YES
XOR Collapsing                     : YES
ROM Style                          : Auto
Mux Extraction                     : Yes
Resource Sharing                   : YES
Asynchronous To Synchronous        : NO
Multiplier Style                   : Auto
Automatic Register Balancing       : No

---- Target Options
Add IO Buffers                     : YES
Global Maximum Fanout              : 500
Add Generic Clock Buffer(BUFG)     : 24
Register Duplication               : YES
Slice Packing                      : YES
Optimize Instantiated Primitives   : NO
Use Clock Enable                   : Yes
Use Synchronous Set                : Yes
Use Synchronous Reset              : Yes
Pack IO Registers into IOBs        : Auto
Equivalent register Removal        : YES

---- General Options
Optimization Goal                  : Speed
Optimization Effort                : 1
Keep Hierarchy                     : No
Netlist Hierarchy                  : As_Optimized
RTL Output                         : Yes
Global Optimization                : AllClockNets
Read Cores                         : YES
Write Timing Constraints           : NO
Cross Clock Analysis               : NO
Hierarchy Separator                : /
Bus Delimiter                      : <>
Case Specifier                     : Maintain
Slice Utilization Ratio            : 100
BRAM Utilization Ratio             : 100
Verilog 2001                       : YES
Auto BRAM Packing                  : NO
Slice Utilization Ratio Delta      : 5

=========================================================================


=========================================================================
*                          HDL Compilation                              *
=========================================================================
Compiling vhdl file "/home/juan/Documents/SD_trabalho2/Trabalho2_SD/Calculadora/Somador1Alg.vhd" in Library work.
Entity <somador1alg> compiled.
Entity <Somador1Alg> (Architecture <Somador1AlgArch>) compiled.

=========================================================================
*                     Design Hierarchy Analysis                         *
=========================================================================
Analyzing hierarchy for entity <Somador1Alg> in library <work> (architecture <Somador1AlgArch>).


=========================================================================
*                            HDL Analysis                               *
=========================================================================
Analyzing Entity <Somador1Alg> in library <work> (Architecture <Somador1AlgArch>).
INFO:Xst:2679 - Register <carryOut> in unit <Somador1Alg> has a constant value of 00000000000000000000000000000001 during circuit operation. The register is replaced by logic.
Entity <Somador1Alg> analyzed. Unit <Somador1Alg> generated.


=========================================================================
*                           HDL Synthesis                               *
=========================================================================

Performing bidirectional port resolution...

Synthesizing Unit <Somador1Alg>.
    Related source file is "/home/juan/Documents/SD_trabalho2/Trabalho2_SD/Calculadora/Somador1Alg.vhd".
    Found 32-bit adder for signal <partialResult>.
    Found 32-bit adder for signal <partialResult$addsub0000> created at line 55.
    Found 32-bit subtractor for signal <result$addsub0000> created at line 59.
    Found 32-bit comparator greatequal for signal <result$cmp_ge0000> created at line 57.
    Summary:
	inferred   3 Adder/Subtractor(s).
	inferred   1 Comparator(s).
Unit <Somador1Alg> synthesized.


=========================================================================
HDL Synthesis Report

Macro Statistics
# Adders/Subtractors                                   : 3
 32-bit adder                                          : 2
 32-bit subtractor                                     : 1
# Comparators                                          : 1
 32-bit comparator greatequal                          : 1

=========================================================================

=========================================================================
*                       Advanced HDL Synthesis                          *
=========================================================================


=========================================================================
Advanced HDL Synthesis Report

Macro Statistics
# Adders/Subtractors                                   : 3
 32-bit adder                                          : 2
 32-bit subtractor                                     : 1
# Comparators                                          : 1
 32-bit comparator greatequal                          : 1

=========================================================================

=========================================================================
*                         Low Level Synthesis                           *
=========================================================================

Optimizing unit <Somador1Alg> ...

Mapping all equations...
Building and optimizing final netlist ...
Found area constraint ratio of 100 (+ 5) on block Somador1Alg, actual ratio is 1.

Final Macro Processing ...

=========================================================================
Final Register Report

Found no macro
=========================================================================

=========================================================================
*                           Partition Report                            *
=========================================================================

Partition Implementation Status
-------------------------------

  No Partitions were found in this design.

-------------------------------

=========================================================================
*                            Final Report                               *
=========================================================================
Final Results
RTL Top Level Output File Name     : Somador1Alg.ngr
Top Level Output File Name         : Somador1Alg
Output Format                      : NGC
Optimization Goal                  : Speed
Keep Hierarchy                     : No

Design Statistics
# IOs                              : 160

Cell Usage :
# BELS                             : 272
#      GND                         : 1
#      INV                         : 31
#      LUT1                        : 4
#      LUT2                        : 1
#      LUT3                        : 63
#      LUT4                        : 36
#      MUXCY                       : 72
#      VCC                         : 1
#      XORCY                       : 63
# IO Buffers                       : 160
#      IBUF                        : 96
#      OBUF                        : 64
=========================================================================

Device utilization summary:
---------------------------

Selected Device : 3s700anfgg484-4 

 Number of Slices:                       73  out of   5888     1%  
 Number of 4 input LUTs:                135  out of  11776     1%  
 Number of IOs:                         160
 Number of bonded IOBs:                 160  out of    372    43%  

---------------------------
Partition Resource Summary:
---------------------------

  No Partitions were found in this design.

---------------------------


=========================================================================
TIMING REPORT

NOTE: THESE TIMING NUMBERS ARE ONLY A SYNTHESIS ESTIMATE.
      FOR ACCURATE TIMING INFORMATION PLEASE REFER TO THE TRACE REPORT
      GENERATED AFTER PLACE-and-ROUTE.

Clock Information:
------------------
No clock signals found in this design

Asynchronous Control Signals Information:
----------------------------------------
No asynchronous control signals found in this design

Timing Summary:
---------------
Speed Grade: -4

   Minimum period: No path found
   Minimum input arrival time before clock: No path found
   Maximum output required time after clock: No path found
   Maximum combinational path delay: 15.634ns

Timing Detail:
--------------
All values displayed in nanoseconds (ns)

=========================================================================
Timing constraint: Default path analysis
  Total number of paths / destination ports: 184704 / 32
-------------------------------------------------------------------------
Delay:               15.634ns (Levels of Logic = 37)
  Source:            numA<1> (PAD)
  Destination:       result<31> (PAD)

  Data Path: numA<1> to result<31>
                                Gate     Net
    Cell:in->out      fanout   Delay   Delay  Logical Name (Net Name)
    ----------------------------------------  ------------
     IBUF:I->O             2   0.849   0.590  numA_1_IBUF (numA_1_IBUF)
     LUT3:I0->O            1   0.648   0.563  Madd_partialResultC301 (Madd_partialResultC)
     LUT4:I0->O            1   0.648   0.000  Madd_partialResult_Madd_lut<2> (Madd_partialResult_Madd_lut<2>)
     MUXCY:S->O            1   0.632   0.000  Madd_partialResult_Madd_cy<2> (Madd_partialResult_Madd_cy<2>)
     MUXCY:CI->O           1   0.065   0.000  Madd_partialResult_Madd_cy<3> (Madd_partialResult_Madd_cy<3>)
     MUXCY:CI->O           1   0.065   0.000  Madd_partialResult_Madd_cy<4> (Madd_partialResult_Madd_cy<4>)
     MUXCY:CI->O           1   0.065   0.000  Madd_partialResult_Madd_cy<5> (Madd_partialResult_Madd_cy<5>)
     MUXCY:CI->O           1   0.065   0.000  Madd_partialResult_Madd_cy<6> (Madd_partialResult_Madd_cy<6>)
     MUXCY:CI->O           1   0.065   0.000  Madd_partialResult_Madd_cy<7> (Madd_partialResult_Madd_cy<7>)
     MUXCY:CI->O           1   0.065   0.000  Madd_partialResult_Madd_cy<8> (Madd_partialResult_Madd_cy<8>)
     MUXCY:CI->O           1   0.065   0.000  Madd_partialResult_Madd_cy<9> (Madd_partialResult_Madd_cy<9>)
     MUXCY:CI->O           1   0.065   0.000  Madd_partialResult_Madd_cy<10> (Madd_partialResult_Madd_cy<10>)
     MUXCY:CI->O           1   0.065   0.000  Madd_partialResult_Madd_cy<11> (Madd_partialResult_Madd_cy<11>)
     MUXCY:CI->O           1   0.065   0.000  Madd_partialResult_Madd_cy<12> (Madd_partialResult_Madd_cy<12>)
     MUXCY:CI->O           1   0.065   0.000  Madd_partialResult_Madd_cy<13> (Madd_partialResult_Madd_cy<13>)
     MUXCY:CI->O           1   0.065   0.000  Madd_partialResult_Madd_cy<14> (Madd_partialResult_Madd_cy<14>)
     MUXCY:CI->O           1   0.065   0.000  Madd_partialResult_Madd_cy<15> (Madd_partialResult_Madd_cy<15>)
     MUXCY:CI->O           1   0.065   0.000  Madd_partialResult_Madd_cy<16> (Madd_partialResult_Madd_cy<16>)
     MUXCY:CI->O           1   0.065   0.000  Madd_partialResult_Madd_cy<17> (Madd_partialResult_Madd_cy<17>)
     MUXCY:CI->O           1   0.065   0.000  Madd_partialResult_Madd_cy<18> (Madd_partialResult_Madd_cy<18>)
     MUXCY:CI->O           1   0.065   0.000  Madd_partialResult_Madd_cy<19> (Madd_partialResult_Madd_cy<19>)
     MUXCY:CI->O           1   0.065   0.000  Madd_partialResult_Madd_cy<20> (Madd_partialResult_Madd_cy<20>)
     MUXCY:CI->O           1   0.065   0.000  Madd_partialResult_Madd_cy<21> (Madd_partialResult_Madd_cy<21>)
     MUXCY:CI->O           1   0.065   0.000  Madd_partialResult_Madd_cy<22> (Madd_partialResult_Madd_cy<22>)
     MUXCY:CI->O           1   0.065   0.000  Madd_partialResult_Madd_cy<23> (Madd_partialResult_Madd_cy<23>)
     MUXCY:CI->O           1   0.065   0.000  Madd_partialResult_Madd_cy<24> (Madd_partialResult_Madd_cy<24>)
     MUXCY:CI->O           1   0.065   0.000  Madd_partialResult_Madd_cy<25> (Madd_partialResult_Madd_cy<25>)
     MUXCY:CI->O           1   0.065   0.000  Madd_partialResult_Madd_cy<26> (Madd_partialResult_Madd_cy<26>)
     MUXCY:CI->O           1   0.065   0.000  Madd_partialResult_Madd_cy<27> (Madd_partialResult_Madd_cy<27>)
     MUXCY:CI->O           1   0.065   0.000  Madd_partialResult_Madd_cy<28> (Madd_partialResult_Madd_cy<28>)
     MUXCY:CI->O           1   0.065   0.000  Madd_partialResult_Madd_cy<29> (Madd_partialResult_Madd_cy<29>)
     XORCY:CI->O           3   0.844   0.563  Madd_partialResult_Madd_xor<30> (partialResult<30>)
     LUT3:I2->O            1   0.648   0.000  Mcompar_result_cmp_ge0000_lut<9> (Mcompar_result_cmp_ge0000_lut<9>)
     MUXCY:S->O            1   0.632   0.000  Mcompar_result_cmp_ge0000_cy<9> (Mcompar_result_cmp_ge0000_cy<9>)
     MUXCY:CI->O          31   0.269   1.405  Mcompar_result_cmp_ge0000_cy<10> (result_cmp_ge0000)
     LUT3:I0->O            1   0.648   0.420  result<9>1 (result_9_OBUF)
     OBUF:I->O                 4.520          result_9_OBUF (result<9>)
    ----------------------------------------
    Total                     15.634ns (12.093ns logic, 3.541ns route)
                                       (77.4% logic, 22.6% route)

=========================================================================


Total REAL time to Xst completion: 7.00 secs
Total CPU time to Xst completion: 6.98 secs
 
--> 


Total memory usage is 502328 kilobytes

Number of errors   :    0 (   0 filtered)
Number of warnings :    0 (   0 filtered)
Number of infos    :    1 (   0 filtered)

